{"C:\\Users\\Dell\\Documents\\C30A-webapi\\task1-web-api-sAyusha\\task1_web_api\\app.js": {"path":"C:\\Users\\Dell\\Documents\\C30A-webapi\\task1-web-api-sAyusha\\task1_web_api\\app.js","statementMap":{"0":{"start":{"line":1,"column":0},"end":{"line":1,"column":27}},"1":{"start":{"line":2,"column":16},"end":{"line":2,"column":34}},"2":{"start":{"line":3,"column":17},"end":{"line":3,"column":36}},"3":{"start":{"line":4,"column":13},"end":{"line":4,"column":28}},"4":{"start":{"line":5,"column":15},"end":{"line":5,"column":32}},"5":{"start":{"line":6,"column":21},"end":{"line":6,"column":45}},"6":{"start":{"line":7,"column":22},"end":{"line":7,"column":55}},"7":{"start":{"line":8,"column":15},"end":{"line":8,"column":32}},"8":{"start":{"line":9,"column":12},"end":{"line":9,"column":32}},"9":{"start":{"line":10,"column":19},"end":{"line":10,"column":41}},"10":{"start":{"line":14,"column":19},"end":{"line":14,"column":50}},"11":{"start":{"line":15,"column":18},"end":{"line":15,"column":48}},"12":{"start":{"line":16,"column":20},"end":{"line":16,"column":52}},"13":{"start":{"line":17,"column":18},"end":{"line":17,"column":48}},"14":{"start":{"line":18,"column":23},"end":{"line":18,"column":52}},"15":{"start":{"line":19,"column":13},"end":{"line":19,"column":28}},"16":{"start":{"line":22,"column":2},"end":{"line":24,"column":24}},"17":{"start":{"line":26,"column":0},"end":{"line":31,"column":36}},"18":{"start":{"line":29,"column":4},"end":{"line":29,"column":47}},"19":{"start":{"line":31,"column":18},"end":{"line":31,"column":34}},"20":{"start":{"line":33,"column":12},"end":{"line":33,"column":21}},"21":{"start":{"line":35,"column":0},"end":{"line":35,"column":16}},"22":{"start":{"line":37,"column":0},"end":{"line":37,"column":34}},"23":{"start":{"line":39,"column":0},"end":{"line":39,"column":20}},"24":{"start":{"line":42,"column":0},"end":{"line":44,"column":1}},"25":{"start":{"line":43,"column":2},"end":{"line":43,"column":25}},"26":{"start":{"line":46,"column":0},"end":{"line":46,"column":24}},"27":{"start":{"line":48,"column":0},"end":{"line":50,"column":3}},"28":{"start":{"line":49,"column":2},"end":{"line":49,"column":25}},"29":{"start":{"line":52,"column":0},"end":{"line":52,"column":34}},"30":{"start":{"line":53,"column":0},"end":{"line":53,"column":44}},"31":{"start":{"line":54,"column":0},"end":{"line":54,"column":44}},"32":{"start":{"line":55,"column":0},"end":{"line":55,"column":48}},"33":{"start":{"line":59,"column":0},"end":{"line":64,"column":3}},"34":{"start":{"line":60,"column":2},"end":{"line":60,"column":21}},"35":{"start":{"line":61,"column":2},"end":{"line":62,"column":53}},"36":{"start":{"line":61,"column":38},"end":{"line":61,"column":54}},"37":{"start":{"line":62,"column":7},"end":{"line":62,"column":53}},"38":{"start":{"line":62,"column":37},"end":{"line":62,"column":53}},"39":{"start":{"line":63,"column":2},"end":{"line":63,"column":35}},"40":{"start":{"line":67,"column":0},"end":{"line":69,"column":3}},"41":{"start":{"line":68,"column":2},"end":{"line":68,"column":52}},"42":{"start":{"line":71,"column":0},"end":{"line":71,"column":21}}},"fnMap":{"0":{"name":"(anonymous_0)","decl":{"start":{"line":28,"column":8},"end":{"line":28,"column":9}},"loc":{"start":{"line":28,"column":14},"end":{"line":30,"column":3}},"line":28},"1":{"name":"(anonymous_1)","decl":{"start":{"line":31,"column":9},"end":{"line":31,"column":10}},"loc":{"start":{"line":31,"column":18},"end":{"line":31,"column":34}},"line":31},"2":{"name":"(anonymous_2)","decl":{"start":{"line":48,"column":13},"end":{"line":48,"column":14}},"loc":{"start":{"line":48,"column":27},"end":{"line":50,"column":1}},"line":48},"3":{"name":"(anonymous_3)","decl":{"start":{"line":59,"column":8},"end":{"line":59,"column":9}},"loc":{"start":{"line":59,"column":33},"end":{"line":64,"column":1}},"line":59},"4":{"name":"(anonymous_4)","decl":{"start":{"line":67,"column":8},"end":{"line":67,"column":9}},"loc":{"start":{"line":67,"column":22},"end":{"line":69,"column":1}},"line":67}},"branchMap":{"0":{"loc":{"start":{"line":22,"column":2},"end":{"line":24,"column":24}},"type":"cond-expr","locations":[{"start":{"line":23,"column":6},"end":{"line":23,"column":29}},{"start":{"line":24,"column":6},"end":{"line":24,"column":24}}],"line":22},"1":{"loc":{"start":{"line":42,"column":0},"end":{"line":44,"column":1}},"type":"if","locations":[{"start":{"line":42,"column":0},"end":{"line":44,"column":1}},{"start":{},"end":{}}],"line":42},"2":{"loc":{"start":{"line":61,"column":2},"end":{"line":62,"column":53}},"type":"if","locations":[{"start":{"line":61,"column":2},"end":{"line":62,"column":53}},{"start":{"line":62,"column":7},"end":{"line":62,"column":53}}],"line":61},"3":{"loc":{"start":{"line":62,"column":7},"end":{"line":62,"column":53}},"type":"if","locations":[{"start":{"line":62,"column":7},"end":{"line":62,"column":53}},{"start":{},"end":{}}],"line":62}},"s":{"0":5,"1":5,"2":5,"3":5,"4":5,"5":5,"6":5,"7":5,"8":5,"9":5,"10":5,"11":5,"12":5,"13":5,"14":5,"15":5,"16":5,"17":5,"18":5,"19":0,"20":5,"21":5,"22":5,"23":5,"24":5,"25":0,"26":5,"27":5,"28":1,"29":5,"30":5,"31":5,"32":5,"33":5,"34":3,"35":3,"36":0,"37":3,"38":0,"39":3,"40":5,"41":0,"42":5},"f":{"0":5,"1":0,"2":1,"3":3,"4":0},"b":{"0":[5,0],"1":[0,5],"2":[0,3],"3":[0,3]},"_coverageSchema":"1a1c01bbd47fc00a2c39e90264f33305004495a9","hash":"f7e2892180a2f2f8f4a0b6b373c8e93ecc2ec31c"}
,"C:\\Users\\Dell\\Documents\\C30A-webapi\\task1-web-api-sAyusha\\task1_web_api\\controllers\\art_controller.js": {"path":"C:\\Users\\Dell\\Documents\\C30A-webapi\\task1-web-api-sAyusha\\task1_web_api\\controllers\\art_controller.js","statementMap":{"0":{"start":{"line":1,"column":12},"end":{"line":1,"column":36}},"1":{"start":{"line":2,"column":13},"end":{"line":2,"column":38}},"2":{"start":{"line":3,"column":13},"end":{"line":3,"column":28}},"3":{"start":{"line":4,"column":11},"end":{"line":4,"column":24}},"4":{"start":{"line":6,"column":19},"end":{"line":15,"column":1}},"5":{"start":{"line":7,"column":2},"end":{"line":14,"column":3}},"6":{"start":{"line":8,"column":17},"end":{"line":8,"column":57}},"7":{"start":{"line":9,"column":4},"end":{"line":11,"column":7}},"8":{"start":{"line":13,"column":4},"end":{"line":13,"column":16}},"9":{"start":{"line":18,"column":36},"end":{"line":63,"column":1}},"10":{"start":{"line":19,"column":2},"end":{"line":62,"column":3}},"11":{"start":{"line":20,"column":27},"end":{"line":20,"column":38}},"12":{"start":{"line":21,"column":21},"end":{"line":21,"column":56}},"13":{"start":{"line":22,"column":17},"end":{"line":22,"column":33}},"14":{"start":{"line":25,"column":24},"end":{"line":25,"column":34}},"15":{"start":{"line":27,"column":22},"end":{"line":51,"column":6}},"16":{"start":{"line":28,"column":22},"end":{"line":30,"column":7}},"17":{"start":{"line":32,"column":22},"end":{"line":34,"column":7}},"18":{"start":{"line":37,"column":30},"end":{"line":37,"column":49}},"19":{"start":{"line":38,"column":32},"end":{"line":38,"column":53}},"20":{"start":{"line":41,"column":25},"end":{"line":41,"column":53}},"21":{"start":{"line":42,"column":6},"end":{"line":50,"column":8}},"22":{"start":{"line":53,"column":32},"end":{"line":56,"column":8}},"23":{"start":{"line":55,"column":8},"end":{"line":55,"column":59}},"24":{"start":{"line":57,"column":4},"end":{"line":57,"column":44}},"25":{"start":{"line":61,"column":4},"end":{"line":61,"column":15}},"26":{"start":{"line":66,"column":37},"end":{"line":80,"column":1}},"27":{"start":{"line":67,"column":2},"end":{"line":79,"column":3}},"28":{"start":{"line":68,"column":19},"end":{"line":68,"column":30}},"29":{"start":{"line":70,"column":17},"end":{"line":72,"column":6}},"30":{"start":{"line":74,"column":4},"end":{"line":76,"column":7}},"31":{"start":{"line":78,"column":4},"end":{"line":78,"column":16}},"32":{"start":{"line":83,"column":22},"end":{"line":132,"column":1}},"33":{"start":{"line":84,"column":2},"end":{"line":131,"column":3}},"34":{"start":{"line":85,"column":19},"end":{"line":85,"column":30}},"35":{"start":{"line":87,"column":104},"end":{"line":87,"column":112}},"36":{"start":{"line":90,"column":18},"end":{"line":90,"column":40}},"37":{"start":{"line":92,"column":4},"end":{"line":94,"column":5}},"38":{"start":{"line":93,"column":6},"end":{"line":93,"column":72}},"39":{"start":{"line":97,"column":20},"end":{"line":106,"column":5}},"40":{"start":{"line":108,"column":4},"end":{"line":110,"column":5}},"41":{"start":{"line":109,"column":6},"end":{"line":109,"column":52}},"42":{"start":{"line":111,"column":4},"end":{"line":113,"column":5}},"43":{"start":{"line":112,"column":6},"end":{"line":112,"column":56}},"44":{"start":{"line":115,"column":16},"end":{"line":115,"column":41}},"45":{"start":{"line":117,"column":28},"end":{"line":117,"column":47}},"46":{"start":{"line":118,"column":30},"end":{"line":118,"column":51}},"47":{"start":{"line":121,"column":25},"end":{"line":125,"column":5}},"48":{"start":{"line":126,"column":4},"end":{"line":126,"column":39}},"49":{"start":{"line":128,"column":4},"end":{"line":128,"column":16}},"50":{"start":{"line":130,"column":4},"end":{"line":130,"column":33}},"51":{"start":{"line":136,"column":26},"end":{"line":143,"column":1}},"52":{"start":{"line":137,"column":2},"end":{"line":142,"column":3}},"53":{"start":{"line":138,"column":4},"end":{"line":138,"column":27}},"54":{"start":{"line":139,"column":4},"end":{"line":139,"column":61}},"55":{"start":{"line":141,"column":4},"end":{"line":141,"column":16}},"56":{"start":{"line":146,"column":19},"end":{"line":168,"column":1}},"57":{"start":{"line":147,"column":20},"end":{"line":147,"column":29}},"58":{"start":{"line":149,"column":2},"end":{"line":167,"column":7}},"59":{"start":{"line":157,"column":6},"end":{"line":163,"column":7}},"60":{"start":{"line":159,"column":8},"end":{"line":159,"column":52}},"61":{"start":{"line":162,"column":8},"end":{"line":162,"column":31}},"62":{"start":{"line":166,"column":6},"end":{"line":166,"column":18}},"63":{"start":{"line":171,"column":20},"end":{"line":192,"column":1}},"64":{"start":{"line":172,"column":2},"end":{"line":191,"column":3}},"65":{"start":{"line":173,"column":19},"end":{"line":173,"column":30}},"66":{"start":{"line":174,"column":18},"end":{"line":174,"column":35}},"67":{"start":{"line":176,"column":17},"end":{"line":176,"column":44}},"68":{"start":{"line":177,"column":4},"end":{"line":179,"column":5}},"69":{"start":{"line":178,"column":6},"end":{"line":178,"column":63}},"70":{"start":{"line":181,"column":4},"end":{"line":183,"column":5}},"71":{"start":{"line":182,"column":6},"end":{"line":182,"column":69}},"72":{"start":{"line":185,"column":4},"end":{"line":185,"column":31}},"73":{"start":{"line":186,"column":4},"end":{"line":186,"column":22}},"74":{"start":{"line":188,"column":4},"end":{"line":188,"column":64}},"75":{"start":{"line":190,"column":4},"end":{"line":190,"column":16}},"76":{"start":{"line":195,"column":27},"end":{"line":218,"column":1}},"77":{"start":{"line":196,"column":2},"end":{"line":217,"column":3}},"78":{"start":{"line":197,"column":19},"end":{"line":197,"column":30}},"79":{"start":{"line":198,"column":18},"end":{"line":198,"column":35}},"80":{"start":{"line":200,"column":17},"end":{"line":200,"column":44}},"81":{"start":{"line":201,"column":4},"end":{"line":203,"column":5}},"82":{"start":{"line":202,"column":6},"end":{"line":202,"column":63}},"83":{"start":{"line":205,"column":4},"end":{"line":207,"column":5}},"84":{"start":{"line":206,"column":6},"end":{"line":206,"column":65}},"85":{"start":{"line":209,"column":4},"end":{"line":211,"column":6}},"86":{"start":{"line":210,"column":16},"end":{"line":210,"column":41}},"87":{"start":{"line":212,"column":4},"end":{"line":212,"column":22}},"88":{"start":{"line":214,"column":4},"end":{"line":214,"column":60}},"89":{"start":{"line":216,"column":4},"end":{"line":216,"column":16}},"90":{"start":{"line":221,"column":24},"end":{"line":241,"column":1}},"91":{"start":{"line":222,"column":2},"end":{"line":240,"column":3}},"92":{"start":{"line":223,"column":19},"end":{"line":223,"column":30}},"93":{"start":{"line":226,"column":17},"end":{"line":226,"column":66}},"94":{"start":{"line":228,"column":4},"end":{"line":230,"column":5}},"95":{"start":{"line":229,"column":6},"end":{"line":229,"column":65}},"96":{"start":{"line":232,"column":22},"end":{"line":234,"column":6}},"97":{"start":{"line":236,"column":4},"end":{"line":236,"column":46}},"98":{"start":{"line":238,"column":4},"end":{"line":238,"column":25}},"99":{"start":{"line":239,"column":4},"end":{"line":239,"column":63}},"100":{"start":{"line":244,"column":21},"end":{"line":277,"column":1}},"101":{"start":{"line":245,"column":2},"end":{"line":276,"column":3}},"102":{"start":{"line":246,"column":19},"end":{"line":246,"column":30}},"103":{"start":{"line":247,"column":18},"end":{"line":247,"column":35}},"104":{"start":{"line":249,"column":17},"end":{"line":249,"column":44}},"105":{"start":{"line":250,"column":4},"end":{"line":252,"column":5}},"106":{"start":{"line":251,"column":6},"end":{"line":251,"column":63}},"107":{"start":{"line":255,"column":16},"end":{"line":255,"column":41}},"108":{"start":{"line":256,"column":4},"end":{"line":258,"column":5}},"109":{"start":{"line":257,"column":6},"end":{"line":257,"column":62}},"110":{"start":{"line":262,"column":4},"end":{"line":264,"column":5}},"111":{"start":{"line":263,"column":6},"end":{"line":263,"column":78}},"112":{"start":{"line":266,"column":4},"end":{"line":268,"column":5}},"113":{"start":{"line":267,"column":6},"end":{"line":267,"column":77}},"114":{"start":{"line":270,"column":4},"end":{"line":270,"column":28}},"115":{"start":{"line":271,"column":4},"end":{"line":271,"column":22}},"116":{"start":{"line":273,"column":4},"end":{"line":273,"column":61}},"117":{"start":{"line":275,"column":4},"end":{"line":275,"column":16}},"118":{"start":{"line":280,"column":29},"end":{"line":303,"column":1}},"119":{"start":{"line":281,"column":2},"end":{"line":302,"column":3}},"120":{"start":{"line":282,"column":19},"end":{"line":282,"column":30}},"121":{"start":{"line":283,"column":18},"end":{"line":283,"column":35}},"122":{"start":{"line":285,"column":17},"end":{"line":285,"column":44}},"123":{"start":{"line":286,"column":4},"end":{"line":288,"column":5}},"124":{"start":{"line":287,"column":6},"end":{"line":287,"column":63}},"125":{"start":{"line":290,"column":4},"end":{"line":292,"column":5}},"126":{"start":{"line":291,"column":6},"end":{"line":291,"column":73}},"127":{"start":{"line":294,"column":4},"end":{"line":296,"column":6}},"128":{"start":{"line":295,"column":17},"end":{"line":295,"column":43}},"129":{"start":{"line":297,"column":4},"end":{"line":297,"column":22}},"130":{"start":{"line":299,"column":4},"end":{"line":299,"column":69}},"131":{"start":{"line":301,"column":4},"end":{"line":301,"column":16}},"132":{"start":{"line":306,"column":26},"end":{"line":327,"column":1}},"133":{"start":{"line":307,"column":2},"end":{"line":326,"column":3}},"134":{"start":{"line":308,"column":27},"end":{"line":308,"column":38}},"135":{"start":{"line":309,"column":19},"end":{"line":309,"column":30}},"136":{"start":{"line":312,"column":17},"end":{"line":312,"column":63}},"137":{"start":{"line":314,"column":4},"end":{"line":316,"column":5}},"138":{"start":{"line":315,"column":6},"end":{"line":315,"column":65}},"139":{"start":{"line":318,"column":19},"end":{"line":320,"column":6}},"140":{"start":{"line":322,"column":4},"end":{"line":322,"column":43}},"141":{"start":{"line":324,"column":4},"end":{"line":324,"column":25}},"142":{"start":{"line":325,"column":4},"end":{"line":325,"column":63}},"143":{"start":{"line":330,"column":19},"end":{"line":339,"column":1}},"144":{"start":{"line":331,"column":2},"end":{"line":338,"column":17}},"145":{"start":{"line":333,"column":6},"end":{"line":335,"column":7}},"146":{"start":{"line":334,"column":8},"end":{"line":334,"column":57}},"147":{"start":{"line":336,"column":6},"end":{"line":336,"column":30}},"148":{"start":{"line":342,"column":22},"end":{"line":380,"column":1}},"149":{"start":{"line":343,"column":2},"end":{"line":379,"column":3}},"150":{"start":{"line":344,"column":18},"end":{"line":344,"column":35}},"151":{"start":{"line":345,"column":50},"end":{"line":345,"column":58}},"152":{"start":{"line":347,"column":16},"end":{"line":347,"column":41}},"153":{"start":{"line":348,"column":4},"end":{"line":350,"column":5}},"154":{"start":{"line":349,"column":6},"end":{"line":349,"column":62}},"155":{"start":{"line":353,"column":4},"end":{"line":353,"column":47}},"156":{"start":{"line":354,"column":4},"end":{"line":356,"column":5}},"157":{"start":{"line":355,"column":6},"end":{"line":355,"column":86}},"158":{"start":{"line":358,"column":4},"end":{"line":358,"column":34}},"159":{"start":{"line":359,"column":4},"end":{"line":359,"column":30}},"160":{"start":{"line":361,"column":4},"end":{"line":361,"column":21}},"161":{"start":{"line":363,"column":4},"end":{"line":366,"column":6}},"162":{"start":{"line":376,"column":4},"end":{"line":376,"column":25}},"163":{"start":{"line":378,"column":4},"end":{"line":378,"column":16}},"164":{"start":{"line":384,"column":22},"end":{"line":416,"column":1}},"165":{"start":{"line":385,"column":2},"end":{"line":385,"column":33}},"166":{"start":{"line":386,"column":2},"end":{"line":415,"column":7}},"167":{"start":{"line":388,"column":6},"end":{"line":409,"column":7}},"168":{"start":{"line":389,"column":24},"end":{"line":395,"column":9}},"169":{"start":{"line":397,"column":8},"end":{"line":404,"column":11}},"170":{"start":{"line":398,"column":10},"end":{"line":400,"column":11}},"171":{"start":{"line":399,"column":12},"end":{"line":399,"column":29}},"172":{"start":{"line":401,"column":10},"end":{"line":403,"column":13}},"173":{"start":{"line":406,"column":8},"end":{"line":408,"column":11}},"174":{"start":{"line":412,"column":6},"end":{"line":414,"column":9}},"175":{"start":{"line":421,"column":25},"end":{"line":436,"column":1}},"176":{"start":{"line":422,"column":2},"end":{"line":435,"column":3}},"177":{"start":{"line":423,"column":4},"end":{"line":425,"column":5}},"178":{"start":{"line":424,"column":6},"end":{"line":424,"column":69}},"179":{"start":{"line":428,"column":18},"end":{"line":428,"column":35}},"180":{"start":{"line":430,"column":4},"end":{"line":430,"column":29}},"181":{"start":{"line":432,"column":4},"end":{"line":432,"column":42}},"182":{"start":{"line":434,"column":4},"end":{"line":434,"column":16}},"183":{"start":{"line":439,"column":20},"end":{"line":465,"column":1}},"184":{"start":{"line":440,"column":2},"end":{"line":464,"column":3}},"185":{"start":{"line":442,"column":18},"end":{"line":459,"column":6}},"186":{"start":{"line":461,"column":4},"end":{"line":461,"column":20}},"187":{"start":{"line":463,"column":4},"end":{"line":463,"column":16}},"188":{"start":{"line":467,"column":0},"end":{"line":485,"column":1}}},"fnMap":{"0":{"name":"(anonymous_0)","decl":{"start":{"line":6,"column":19},"end":{"line":6,"column":20}},"loc":{"start":{"line":6,"column":45},"end":{"line":15,"column":1}},"line":6},"1":{"name":"(anonymous_1)","decl":{"start":{"line":18,"column":36},"end":{"line":18,"column":37}},"loc":{"start":{"line":18,"column":62},"end":{"line":63,"column":1}},"line":18},"2":{"name":"(anonymous_2)","decl":{"start":{"line":27,"column":31},"end":{"line":27,"column":32}},"loc":{"start":{"line":27,"column":40},"end":{"line":51,"column":5}},"line":27},"3":{"name":"(anonymous_3)","decl":{"start":{"line":54,"column":6},"end":{"line":54,"column":7}},"loc":{"start":{"line":54,"column":15},"end":{"line":56,"column":7}},"line":54},"4":{"name":"(anonymous_4)","decl":{"start":{"line":66,"column":37},"end":{"line":66,"column":38}},"loc":{"start":{"line":66,"column":63},"end":{"line":80,"column":1}},"line":66},"5":{"name":"(anonymous_5)","decl":{"start":{"line":83,"column":22},"end":{"line":83,"column":23}},"loc":{"start":{"line":83,"column":48},"end":{"line":132,"column":1}},"line":83},"6":{"name":"(anonymous_6)","decl":{"start":{"line":136,"column":26},"end":{"line":136,"column":27}},"loc":{"start":{"line":136,"column":52},"end":{"line":143,"column":1}},"line":136},"7":{"name":"(anonymous_7)","decl":{"start":{"line":146,"column":19},"end":{"line":146,"column":20}},"loc":{"start":{"line":146,"column":39},"end":{"line":168,"column":1}},"line":146},"8":{"name":"(anonymous_8)","decl":{"start":{"line":156,"column":10},"end":{"line":156,"column":11}},"loc":{"start":{"line":156,"column":20},"end":{"line":164,"column":5}},"line":156},"9":{"name":"(anonymous_9)","decl":{"start":{"line":165,"column":11},"end":{"line":165,"column":12}},"loc":{"start":{"line":165,"column":22},"end":{"line":167,"column":5}},"line":165},"10":{"name":"(anonymous_10)","decl":{"start":{"line":171,"column":20},"end":{"line":171,"column":21}},"loc":{"start":{"line":171,"column":46},"end":{"line":192,"column":1}},"line":171},"11":{"name":"(anonymous_11)","decl":{"start":{"line":195,"column":27},"end":{"line":195,"column":28}},"loc":{"start":{"line":195,"column":53},"end":{"line":218,"column":1}},"line":195},"12":{"name":"(anonymous_12)","decl":{"start":{"line":210,"column":6},"end":{"line":210,"column":7}},"loc":{"start":{"line":210,"column":16},"end":{"line":210,"column":41}},"line":210},"13":{"name":"(anonymous_13)","decl":{"start":{"line":221,"column":24},"end":{"line":221,"column":25}},"loc":{"start":{"line":221,"column":44},"end":{"line":241,"column":1}},"line":221},"14":{"name":"(anonymous_14)","decl":{"start":{"line":244,"column":21},"end":{"line":244,"column":22}},"loc":{"start":{"line":244,"column":47},"end":{"line":277,"column":1}},"line":244},"15":{"name":"(anonymous_15)","decl":{"start":{"line":280,"column":29},"end":{"line":280,"column":30}},"loc":{"start":{"line":280,"column":55},"end":{"line":303,"column":1}},"line":280},"16":{"name":"(anonymous_16)","decl":{"start":{"line":295,"column":6},"end":{"line":295,"column":7}},"loc":{"start":{"line":295,"column":17},"end":{"line":295,"column":43}},"line":295},"17":{"name":"(anonymous_17)","decl":{"start":{"line":306,"column":26},"end":{"line":306,"column":27}},"loc":{"start":{"line":306,"column":46},"end":{"line":327,"column":1}},"line":306},"18":{"name":"(anonymous_18)","decl":{"start":{"line":330,"column":19},"end":{"line":330,"column":20}},"loc":{"start":{"line":330,"column":39},"end":{"line":339,"column":1}},"line":330},"19":{"name":"(anonymous_19)","decl":{"start":{"line":332,"column":10},"end":{"line":332,"column":11}},"loc":{"start":{"line":332,"column":19},"end":{"line":337,"column":5}},"line":332},"20":{"name":"(anonymous_20)","decl":{"start":{"line":342,"column":22},"end":{"line":342,"column":23}},"loc":{"start":{"line":342,"column":48},"end":{"line":380,"column":1}},"line":342},"21":{"name":"(anonymous_21)","decl":{"start":{"line":384,"column":22},"end":{"line":384,"column":23}},"loc":{"start":{"line":384,"column":48},"end":{"line":416,"column":1}},"line":384},"22":{"name":"(anonymous_22)","decl":{"start":{"line":387,"column":10},"end":{"line":387,"column":11}},"loc":{"start":{"line":387,"column":19},"end":{"line":410,"column":5}},"line":387},"23":{"name":"(anonymous_23)","decl":{"start":{"line":397,"column":29},"end":{"line":397,"column":30}},"loc":{"start":{"line":397,"column":38},"end":{"line":404,"column":9}},"line":397},"24":{"name":"(anonymous_24)","decl":{"start":{"line":411,"column":11},"end":{"line":411,"column":12}},"loc":{"start":{"line":411,"column":20},"end":{"line":415,"column":5}},"line":411},"25":{"name":"(anonymous_25)","decl":{"start":{"line":421,"column":25},"end":{"line":421,"column":26}},"loc":{"start":{"line":421,"column":51},"end":{"line":436,"column":1}},"line":421},"26":{"name":"(anonymous_26)","decl":{"start":{"line":439,"column":20},"end":{"line":439,"column":21}},"loc":{"start":{"line":439,"column":46},"end":{"line":465,"column":1}},"line":439}},"branchMap":{"0":{"loc":{"start":{"line":55,"column":15},"end":{"line":55,"column":58}},"type":"binary-expr","locations":[{"start":{"line":55,"column":15},"end":{"line":55,"column":23}},{"start":{"line":55,"column":27},"end":{"line":55,"column":58}}],"line":55},"1":{"loc":{"start":{"line":90,"column":18},"end":{"line":90,"column":40}},"type":"binary-expr","locations":[{"start":{"line":90,"column":18},"end":{"line":90,"column":34}},{"start":{"line":90,"column":38},"end":{"line":90,"column":40}}],"line":90},"2":{"loc":{"start":{"line":92,"column":4},"end":{"line":94,"column":5}},"type":"if","locations":[{"start":{"line":92,"column":4},"end":{"line":94,"column":5}},{"start":{},"end":{}}],"line":92},"3":{"loc":{"start":{"line":92,"column":8},"end":{"line":92,"column":85}},"type":"binary-expr","locations":[{"start":{"line":92,"column":8},"end":{"line":92,"column":14}},{"start":{"line":92,"column":18},"end":{"line":92,"column":26}},{"start":{"line":92,"column":30},"end":{"line":92,"column":42}},{"start":{"line":92,"column":46},"end":{"line":92,"column":58}},{"start":{"line":92,"column":62},"end":{"line":92,"column":70}},{"start":{"line":92,"column":74},"end":{"line":92,"column":85}}],"line":92},"4":{"loc":{"start":{"line":108,"column":4},"end":{"line":110,"column":5}},"type":"if","locations":[{"start":{"line":108,"column":4},"end":{"line":110,"column":5}},{"start":{},"end":{}}],"line":108},"5":{"loc":{"start":{"line":109,"column":27},"end":{"line":109,"column":51}},"type":"binary-expr","locations":[{"start":{"line":109,"column":27},"end":{"line":109,"column":37}},{"start":{"line":109,"column":41},"end":{"line":109,"column":51}}],"line":109},"6":{"loc":{"start":{"line":111,"column":4},"end":{"line":113,"column":5}},"type":"if","locations":[{"start":{"line":111,"column":4},"end":{"line":113,"column":5}},{"start":{},"end":{}}],"line":111},"7":{"loc":{"start":{"line":112,"column":29},"end":{"line":112,"column":55}},"type":"binary-expr","locations":[{"start":{"line":112,"column":29},"end":{"line":112,"column":41}},{"start":{"line":112,"column":45},"end":{"line":112,"column":55}}],"line":112},"8":{"loc":{"start":{"line":157,"column":6},"end":{"line":163,"column":7}},"type":"if","locations":[{"start":{"line":157,"column":6},"end":{"line":163,"column":7}},{"start":{"line":160,"column":13},"end":{"line":163,"column":7}}],"line":157},"9":{"loc":{"start":{"line":177,"column":4},"end":{"line":179,"column":5}},"type":"if","locations":[{"start":{"line":177,"column":4},"end":{"line":179,"column":5}},{"start":{},"end":{}}],"line":177},"10":{"loc":{"start":{"line":181,"column":4},"end":{"line":183,"column":5}},"type":"if","locations":[{"start":{"line":181,"column":4},"end":{"line":183,"column":5}},{"start":{},"end":{}}],"line":181},"11":{"loc":{"start":{"line":201,"column":4},"end":{"line":203,"column":5}},"type":"if","locations":[{"start":{"line":201,"column":4},"end":{"line":203,"column":5}},{"start":{},"end":{}}],"line":201},"12":{"loc":{"start":{"line":205,"column":4},"end":{"line":207,"column":5}},"type":"if","locations":[{"start":{"line":205,"column":4},"end":{"line":207,"column":5}},{"start":{},"end":{}}],"line":205},"13":{"loc":{"start":{"line":228,"column":4},"end":{"line":230,"column":5}},"type":"if","locations":[{"start":{"line":228,"column":4},"end":{"line":230,"column":5}},{"start":{},"end":{}}],"line":228},"14":{"loc":{"start":{"line":250,"column":4},"end":{"line":252,"column":5}},"type":"if","locations":[{"start":{"line":250,"column":4},"end":{"line":252,"column":5}},{"start":{},"end":{}}],"line":250},"15":{"loc":{"start":{"line":256,"column":4},"end":{"line":258,"column":5}},"type":"if","locations":[{"start":{"line":256,"column":4},"end":{"line":258,"column":5}},{"start":{},"end":{}}],"line":256},"16":{"loc":{"start":{"line":262,"column":4},"end":{"line":264,"column":5}},"type":"if","locations":[{"start":{"line":262,"column":4},"end":{"line":264,"column":5}},{"start":{},"end":{}}],"line":262},"17":{"loc":{"start":{"line":266,"column":4},"end":{"line":268,"column":5}},"type":"if","locations":[{"start":{"line":266,"column":4},"end":{"line":268,"column":5}},{"start":{},"end":{}}],"line":266},"18":{"loc":{"start":{"line":286,"column":4},"end":{"line":288,"column":5}},"type":"if","locations":[{"start":{"line":286,"column":4},"end":{"line":288,"column":5}},{"start":{},"end":{}}],"line":286},"19":{"loc":{"start":{"line":290,"column":4},"end":{"line":292,"column":5}},"type":"if","locations":[{"start":{"line":290,"column":4},"end":{"line":292,"column":5}},{"start":{},"end":{}}],"line":290},"20":{"loc":{"start":{"line":314,"column":4},"end":{"line":316,"column":5}},"type":"if","locations":[{"start":{"line":314,"column":4},"end":{"line":316,"column":5}},{"start":{},"end":{}}],"line":314},"21":{"loc":{"start":{"line":333,"column":6},"end":{"line":335,"column":7}},"type":"if","locations":[{"start":{"line":333,"column":6},"end":{"line":335,"column":7}},{"start":{},"end":{}}],"line":333},"22":{"loc":{"start":{"line":348,"column":4},"end":{"line":350,"column":5}},"type":"if","locations":[{"start":{"line":348,"column":4},"end":{"line":350,"column":5}},{"start":{},"end":{}}],"line":348},"23":{"loc":{"start":{"line":354,"column":4},"end":{"line":356,"column":5}},"type":"if","locations":[{"start":{"line":354,"column":4},"end":{"line":356,"column":5}},{"start":{},"end":{}}],"line":354},"24":{"loc":{"start":{"line":388,"column":6},"end":{"line":409,"column":7}},"type":"if","locations":[{"start":{"line":388,"column":6},"end":{"line":409,"column":7}},{"start":{"line":405,"column":13},"end":{"line":409,"column":7}}],"line":388},"25":{"loc":{"start":{"line":398,"column":10},"end":{"line":400,"column":11}},"type":"if","locations":[{"start":{"line":398,"column":10},"end":{"line":400,"column":11}},{"start":{},"end":{}}],"line":398},"26":{"loc":{"start":{"line":423,"column":4},"end":{"line":425,"column":5}},"type":"if","locations":[{"start":{"line":423,"column":4},"end":{"line":425,"column":5}},{"start":{},"end":{}}],"line":423}},"s":{"0":5,"1":5,"2":5,"3":5,"4":5,"5":1,"6":1,"7":1,"8":0,"9":5,"10":1,"11":1,"12":1,"13":1,"14":1,"15":1,"16":1,"17":1,"18":1,"19":1,"20":1,"21":1,"22":0,"23":0,"24":0,"25":1,"26":5,"27":1,"28":1,"29":1,"30":1,"31":0,"32":5,"33":0,"34":0,"35":0,"36":0,"37":0,"38":0,"39":0,"40":0,"41":0,"42":0,"43":0,"44":0,"45":0,"46":0,"47":0,"48":0,"49":0,"50":0,"51":5,"52":1,"53":1,"54":1,"55":0,"56":5,"57":2,"58":2,"59":2,"60":2,"61":0,"62":0,"63":5,"64":1,"65":1,"66":1,"67":1,"68":1,"69":0,"70":1,"71":0,"72":1,"73":1,"74":1,"75":0,"76":5,"77":2,"78":2,"79":2,"80":2,"81":2,"82":0,"83":2,"84":1,"85":1,"86":1,"87":1,"88":1,"89":0,"90":5,"91":1,"92":1,"93":1,"94":1,"95":0,"96":1,"97":1,"98":0,"99":0,"100":5,"101":3,"102":3,"103":3,"104":3,"105":3,"106":0,"107":3,"108":3,"109":0,"110":3,"111":1,"112":2,"113":0,"114":2,"115":2,"116":2,"117":0,"118":5,"119":2,"120":2,"121":2,"122":2,"123":2,"124":0,"125":2,"126":1,"127":1,"128":2,"129":1,"130":1,"131":0,"132":5,"133":1,"134":1,"135":1,"136":1,"137":1,"138":0,"139":1,"140":1,"141":0,"142":0,"143":5,"144":2,"145":2,"146":1,"147":2,"148":5,"149":3,"150":3,"151":3,"152":3,"153":3,"154":1,"155":2,"156":2,"157":1,"158":1,"159":1,"160":1,"161":1,"162":1,"163":1,"164":5,"165":2,"166":2,"167":2,"168":1,"169":1,"170":1,"171":1,"172":1,"173":1,"174":0,"175":5,"176":0,"177":0,"178":0,"179":0,"180":0,"181":0,"182":0,"183":5,"184":0,"185":0,"186":0,"187":0,"188":5},"f":{"0":1,"1":1,"2":1,"3":0,"4":1,"5":0,"6":1,"7":2,"8":2,"9":0,"10":1,"11":2,"12":1,"13":1,"14":3,"15":2,"16":2,"17":1,"18":2,"19":2,"20":3,"21":2,"22":2,"23":1,"24":0,"25":0,"26":0},"b":{"0":[0,0],"1":[0,0],"2":[0,0],"3":[0,0,0,0,0,0],"4":[0,0],"5":[0,0],"6":[0,0],"7":[0,0],"8":[2,0],"9":[0,1],"10":[0,1],"11":[0,2],"12":[1,1],"13":[0,1],"14":[0,3],"15":[0,3],"16":[1,2],"17":[0,2],"18":[0,2],"19":[1,1],"20":[0,1],"21":[1,1],"22":[1,2],"23":[1,1],"24":[1,1],"25":[1,0],"26":[0,0]},"_coverageSchema":"1a1c01bbd47fc00a2c39e90264f33305004495a9","hash":"3c3491d6048d7eca6a9c0a6b303fa2e996e9219c"}
,"C:\\Users\\Dell\\Documents\\C30A-webapi\\task1-web-api-sAyusha\\task1_web_api\\controllers\\bid_controller.js": {"path":"C:\\Users\\Dell\\Documents\\C30A-webapi\\task1-web-api-sAyusha\\task1_web_api\\controllers\\bid_controller.js","statementMap":{"0":{"start":{"line":1,"column":13},"end":{"line":1,"column":38}},"1":{"start":{"line":2,"column":12},"end":{"line":2,"column":36}},"2":{"start":{"line":3,"column":12},"end":{"line":3,"column":36}},"3":{"start":{"line":5,"column":19},"end":{"line":16,"column":1}},"4":{"start":{"line":6,"column":2},"end":{"line":15,"column":3}},"5":{"start":{"line":8,"column":20},"end":{"line":8,"column":36}},"6":{"start":{"line":11,"column":4},"end":{"line":11,"column":51}},"7":{"start":{"line":13,"column":4},"end":{"line":13,"column":25}},"8":{"start":{"line":14,"column":4},"end":{"line":14,"column":70}},"9":{"start":{"line":19,"column":17},"end":{"line":115,"column":1}},"10":{"start":{"line":20,"column":2},"end":{"line":114,"column":3}},"11":{"start":{"line":21,"column":19},"end":{"line":21,"column":30}},"12":{"start":{"line":22,"column":17},"end":{"line":22,"column":44}},"13":{"start":{"line":24,"column":4},"end":{"line":26,"column":5}},"14":{"start":{"line":25,"column":6},"end":{"line":25,"column":65}},"15":{"start":{"line":28,"column":21},"end":{"line":28,"column":39}},"16":{"start":{"line":30,"column":18},"end":{"line":30,"column":35}},"17":{"start":{"line":31,"column":16},"end":{"line":31,"column":41}},"18":{"start":{"line":33,"column":4},"end":{"line":35,"column":5}},"19":{"start":{"line":34,"column":6},"end":{"line":34,"column":64}},"20":{"start":{"line":38,"column":29},"end":{"line":38,"column":54}},"21":{"start":{"line":39,"column":26},"end":{"line":39,"column":43}},"22":{"start":{"line":42,"column":23},"end":{"line":42,"column":37}},"23":{"start":{"line":44,"column":4},"end":{"line":48,"column":5}},"24":{"start":{"line":45,"column":6},"end":{"line":47,"column":79}},"25":{"start":{"line":50,"column":4},"end":{"line":54,"column":5}},"26":{"start":{"line":51,"column":6},"end":{"line":53,"column":66}},"27":{"start":{"line":57,"column":4},"end":{"line":63,"column":5}},"28":{"start":{"line":58,"column":6},"end":{"line":58,"column":28}},"29":{"start":{"line":59,"column":6},"end":{"line":59,"column":23}},"30":{"start":{"line":60,"column":6},"end":{"line":62,"column":66}},"31":{"start":{"line":66,"column":4},"end":{"line":94,"column":5}},"32":{"start":{"line":67,"column":6},"end":{"line":67,"column":38}},"33":{"start":{"line":70,"column":6},"end":{"line":72,"column":7}},"34":{"start":{"line":71,"column":8},"end":{"line":71,"column":34}},"35":{"start":{"line":75,"column":6},"end":{"line":77,"column":7}},"36":{"start":{"line":76,"column":8},"end":{"line":76,"column":35}},"37":{"start":{"line":80,"column":6},"end":{"line":86,"column":7}},"38":{"start":{"line":81,"column":38},"end":{"line":81,"column":72}},"39":{"start":{"line":82,"column":8},"end":{"line":85,"column":9}},"40":{"start":{"line":83,"column":10},"end":{"line":83,"column":52}},"41":{"start":{"line":84,"column":10},"end":{"line":84,"column":45}},"42":{"start":{"line":88,"column":6},"end":{"line":88,"column":33}},"43":{"start":{"line":91,"column":6},"end":{"line":93,"column":7}},"44":{"start":{"line":92,"column":8},"end":{"line":92,"column":33}},"45":{"start":{"line":97,"column":19},"end":{"line":101,"column":6}},"46":{"start":{"line":103,"column":4},"end":{"line":103,"column":24}},"47":{"start":{"line":105,"column":4},"end":{"line":105,"column":21}},"48":{"start":{"line":106,"column":4},"end":{"line":106,"column":22}},"49":{"start":{"line":108,"column":4},"end":{"line":110,"column":7}},"50":{"start":{"line":112,"column":4},"end":{"line":112,"column":25}},"51":{"start":{"line":113,"column":4},"end":{"line":113,"column":70}},"52":{"start":{"line":117,"column":15},"end":{"line":148,"column":1}},"53":{"start":{"line":118,"column":2},"end":{"line":147,"column":3}},"54":{"start":{"line":119,"column":18},"end":{"line":119,"column":35}},"55":{"start":{"line":122,"column":16},"end":{"line":130,"column":23}},"56":{"start":{"line":132,"column":4},"end":{"line":134,"column":5}},"57":{"start":{"line":133,"column":6},"end":{"line":133,"column":64}},"58":{"start":{"line":137,"column":4},"end":{"line":141,"column":7}},"59":{"start":{"line":143,"column":4},"end":{"line":143,"column":25}},"60":{"start":{"line":144,"column":4},"end":{"line":146,"column":64}},"61":{"start":{"line":150,"column":0},"end":{"line":154,"column":2}}},"fnMap":{"0":{"name":"(anonymous_0)","decl":{"start":{"line":5,"column":19},"end":{"line":5,"column":20}},"loc":{"start":{"line":5,"column":45},"end":{"line":16,"column":1}},"line":5},"1":{"name":"(anonymous_1)","decl":{"start":{"line":19,"column":17},"end":{"line":19,"column":18}},"loc":{"start":{"line":19,"column":43},"end":{"line":115,"column":1}},"line":19},"2":{"name":"(anonymous_2)","decl":{"start":{"line":117,"column":15},"end":{"line":117,"column":16}},"loc":{"start":{"line":117,"column":41},"end":{"line":148,"column":1}},"line":117}},"branchMap":{"0":{"loc":{"start":{"line":24,"column":4},"end":{"line":26,"column":5}},"type":"if","locations":[{"start":{"line":24,"column":4},"end":{"line":26,"column":5}},{"start":{},"end":{}}],"line":24},"1":{"loc":{"start":{"line":33,"column":4},"end":{"line":35,"column":5}},"type":"if","locations":[{"start":{"line":33,"column":4},"end":{"line":35,"column":5}},{"start":{},"end":{}}],"line":33},"2":{"loc":{"start":{"line":38,"column":29},"end":{"line":38,"column":54}},"type":"binary-expr","locations":[{"start":{"line":38,"column":29},"end":{"line":38,"column":49}},{"start":{"line":38,"column":53},"end":{"line":38,"column":54}}],"line":38},"3":{"loc":{"start":{"line":44,"column":4},"end":{"line":48,"column":5}},"type":"if","locations":[{"start":{"line":44,"column":4},"end":{"line":48,"column":5}},{"start":{},"end":{}}],"line":44},"4":{"loc":{"start":{"line":50,"column":4},"end":{"line":54,"column":5}},"type":"if","locations":[{"start":{"line":50,"column":4},"end":{"line":54,"column":5}},{"start":{},"end":{}}],"line":50},"5":{"loc":{"start":{"line":57,"column":4},"end":{"line":63,"column":5}},"type":"if","locations":[{"start":{"line":57,"column":4},"end":{"line":63,"column":5}},{"start":{},"end":{}}],"line":57},"6":{"loc":{"start":{"line":66,"column":4},"end":{"line":94,"column":5}},"type":"if","locations":[{"start":{"line":66,"column":4},"end":{"line":94,"column":5}},{"start":{"line":89,"column":11},"end":{"line":94,"column":5}}],"line":66},"7":{"loc":{"start":{"line":70,"column":6},"end":{"line":72,"column":7}},"type":"if","locations":[{"start":{"line":70,"column":6},"end":{"line":72,"column":7}},{"start":{},"end":{}}],"line":70},"8":{"loc":{"start":{"line":75,"column":6},"end":{"line":77,"column":7}},"type":"if","locations":[{"start":{"line":75,"column":6},"end":{"line":77,"column":7}},{"start":{},"end":{}}],"line":75},"9":{"loc":{"start":{"line":80,"column":6},"end":{"line":86,"column":7}},"type":"if","locations":[{"start":{"line":80,"column":6},"end":{"line":86,"column":7}},{"start":{},"end":{}}],"line":80},"10":{"loc":{"start":{"line":82,"column":8},"end":{"line":85,"column":9}},"type":"if","locations":[{"start":{"line":82,"column":8},"end":{"line":85,"column":9}},{"start":{},"end":{}}],"line":82},"11":{"loc":{"start":{"line":91,"column":6},"end":{"line":93,"column":7}},"type":"if","locations":[{"start":{"line":91,"column":6},"end":{"line":93,"column":7}},{"start":{},"end":{}}],"line":91},"12":{"loc":{"start":{"line":132,"column":4},"end":{"line":134,"column":5}},"type":"if","locations":[{"start":{"line":132,"column":4},"end":{"line":134,"column":5}},{"start":{},"end":{}}],"line":132}},"s":{"0":5,"1":5,"2":5,"3":5,"4":2,"5":2,"6":1,"7":1,"8":1,"9":5,"10":9,"11":9,"12":9,"13":8,"14":0,"15":8,"16":8,"17":8,"18":8,"19":1,"20":7,"21":7,"22":7,"23":7,"24":3,"25":4,"26":0,"27":4,"28":1,"29":1,"30":1,"31":3,"32":3,"33":3,"34":0,"35":3,"36":3,"37":3,"38":0,"39":0,"40":0,"41":0,"42":3,"43":0,"44":0,"45":3,"46":3,"47":3,"48":3,"49":3,"50":1,"51":1,"52":5,"53":4,"54":4,"55":4,"56":4,"57":2,"58":2,"59":0,"60":0,"61":5},"f":{"0":2,"1":9,"2":4},"b":{"0":[0,8],"1":[1,7],"2":[7,6],"3":[3,4],"4":[0,4],"5":[1,3],"6":[3,0],"7":[0,3],"8":[3,0],"9":[0,3],"10":[0,0],"11":[0,0],"12":[2,2]},"_coverageSchema":"1a1c01bbd47fc00a2c39e90264f33305004495a9","hash":"dc9685384ebb7679450641d50e0a0717f330a71d"}
,"C:\\Users\\Dell\\Documents\\C30A-webapi\\task1-web-api-sAyusha\\task1_web_api\\controllers\\order_controller.js": {"path":"C:\\Users\\Dell\\Documents\\C30A-webapi\\task1-web-api-sAyusha\\task1_web_api\\controllers\\order_controller.js","statementMap":{"0":{"start":{"line":1,"column":14},"end":{"line":1,"column":40}},"1":{"start":{"line":2,"column":13},"end":{"line":2,"column":38}},"2":{"start":{"line":3,"column":12},"end":{"line":3,"column":36}},"3":{"start":{"line":5,"column":20},"end":{"line":15,"column":1}},"4":{"start":{"line":6,"column":4},"end":{"line":13,"column":5}},"5":{"start":{"line":7,"column":23},"end":{"line":7,"column":41}},"6":{"start":{"line":8,"column":8},"end":{"line":8,"column":32}},"7":{"start":{"line":12,"column":8},"end":{"line":12,"column":19}},"8":{"start":{"line":17,"column":20},"end":{"line":41,"column":1}},"9":{"start":{"line":18,"column":4},"end":{"line":40,"column":5}},"10":{"start":{"line":19,"column":25},"end":{"line":31,"column":6}},"11":{"start":{"line":20,"column":55},"end":{"line":23,"column":9}},"12":{"start":{"line":33,"column":18},"end":{"line":33,"column":39}},"13":{"start":{"line":34,"column":4},"end":{"line":37,"column":7}},"14":{"start":{"line":39,"column":8},"end":{"line":39,"column":20}},"15":{"start":{"line":43,"column":16},"end":{"line":86,"column":1}},"16":{"start":{"line":44,"column":2},"end":{"line":85,"column":3}},"17":{"start":{"line":45,"column":19},"end":{"line":45,"column":58}},"18":{"start":{"line":47,"column":22},"end":{"line":79,"column":5}},"19":{"start":{"line":49,"column":21},"end":{"line":49,"column":72}},"20":{"start":{"line":50,"column":27},"end":{"line":58,"column":10}},"21":{"start":{"line":51,"column":22},"end":{"line":51,"column":84}},"22":{"start":{"line":52,"column":10},"end":{"line":57,"column":12}},"23":{"start":{"line":60,"column":22},"end":{"line":60,"column":51}},"24":{"start":{"line":62,"column":8},"end":{"line":77,"column":10}},"25":{"start":{"line":81,"column":4},"end":{"line":81,"column":34}},"26":{"start":{"line":83,"column":4},"end":{"line":83,"column":25}},"27":{"start":{"line":84,"column":4},"end":{"line":84,"column":70}},"28":{"start":{"line":89,"column":21},"end":{"line":98,"column":1}},"29":{"start":{"line":90,"column":20},"end":{"line":90,"column":39}},"30":{"start":{"line":91,"column":18},"end":{"line":91,"column":47}},"31":{"start":{"line":92,"column":4},"end":{"line":97,"column":5}},"32":{"start":{"line":93,"column":8},"end":{"line":93,"column":34}},"33":{"start":{"line":96,"column":8},"end":{"line":96,"column":59}},"34":{"start":{"line":100,"column":20},"end":{"line":109,"column":1}},"35":{"start":{"line":101,"column":18},"end":{"line":101,"column":59}},"36":{"start":{"line":102,"column":4},"end":{"line":108,"column":5}},"37":{"start":{"line":103,"column":8},"end":{"line":103,"column":54}},"38":{"start":{"line":104,"column":8},"end":{"line":104,"column":45}},"39":{"start":{"line":107,"column":8},"end":{"line":107,"column":59}},"40":{"start":{"line":111,"column":26},"end":{"line":156,"column":3}},"41":{"start":{"line":112,"column":20},"end":{"line":112,"column":39}},"42":{"start":{"line":114,"column":4},"end":{"line":155,"column":5}},"43":{"start":{"line":115,"column":20},"end":{"line":115,"column":66}},"44":{"start":{"line":117,"column":6},"end":{"line":119,"column":7}},"45":{"start":{"line":118,"column":8},"end":{"line":118,"column":68}},"46":{"start":{"line":121,"column":6},"end":{"line":123,"column":7}},"47":{"start":{"line":122,"column":8},"end":{"line":122,"column":74}},"48":{"start":{"line":126,"column":6},"end":{"line":126,"column":26}},"49":{"start":{"line":127,"column":6},"end":{"line":127,"column":32}},"50":{"start":{"line":128,"column":6},"end":{"line":133,"column":8}},"51":{"start":{"line":135,"column":6},"end":{"line":135,"column":25}},"52":{"start":{"line":138,"column":21},"end":{"line":138,"column":35}},"53":{"start":{"line":139,"column":21},"end":{"line":139,"column":61}},"54":{"start":{"line":139,"column":52},"end":{"line":139,"column":60}},"55":{"start":{"line":140,"column":19},"end":{"line":140,"column":46}},"56":{"start":{"line":142,"column":6},"end":{"line":144,"column":7}},"57":{"start":{"line":143,"column":8},"end":{"line":143,"column":67}},"58":{"start":{"line":147,"column":27},"end":{"line":147,"column":47}},"59":{"start":{"line":148,"column":6},"end":{"line":148,"column":46}},"60":{"start":{"line":149,"column":6},"end":{"line":149,"column":24}},"61":{"start":{"line":151,"column":6},"end":{"line":151,"column":55}},"62":{"start":{"line":153,"column":6},"end":{"line":153,"column":27}},"63":{"start":{"line":154,"column":6},"end":{"line":154,"column":72}},"64":{"start":{"line":159,"column":31},"end":{"line":170,"column":1}},"65":{"start":{"line":160,"column":18},"end":{"line":160,"column":59}},"66":{"start":{"line":161,"column":4},"end":{"line":169,"column":5}},"67":{"start":{"line":162,"column":8},"end":{"line":162,"column":33}},"68":{"start":{"line":163,"column":8},"end":{"line":163,"column":39}},"69":{"start":{"line":164,"column":8},"end":{"line":164,"column":27}},"70":{"start":{"line":165,"column":8},"end":{"line":165,"column":47}},"71":{"start":{"line":168,"column":8},"end":{"line":168,"column":59}},"72":{"start":{"line":172,"column":0},"end":{"line":180,"column":1}}},"fnMap":{"0":{"name":"(anonymous_0)","decl":{"start":{"line":5,"column":20},"end":{"line":5,"column":21}},"loc":{"start":{"line":5,"column":40},"end":{"line":15,"column":1}},"line":5},"1":{"name":"(anonymous_1)","decl":{"start":{"line":17,"column":20},"end":{"line":17,"column":21}},"loc":{"start":{"line":17,"column":46},"end":{"line":41,"column":1}},"line":17},"2":{"name":"(anonymous_2)","decl":{"start":{"line":20,"column":44},"end":{"line":20,"column":45}},"loc":{"start":{"line":20,"column":55},"end":{"line":23,"column":9}},"line":20},"3":{"name":"(anonymous_3)","decl":{"start":{"line":43,"column":16},"end":{"line":43,"column":17}},"loc":{"start":{"line":43,"column":42},"end":{"line":86,"column":1}},"line":43},"4":{"name":"(anonymous_4)","decl":{"start":{"line":48,"column":17},"end":{"line":48,"column":18}},"loc":{"start":{"line":48,"column":34},"end":{"line":78,"column":7}},"line":48},"5":{"name":"(anonymous_5)","decl":{"start":{"line":50,"column":48},"end":{"line":50,"column":49}},"loc":{"start":{"line":50,"column":64},"end":{"line":58,"column":9}},"line":50},"6":{"name":"(anonymous_6)","decl":{"start":{"line":89,"column":21},"end":{"line":89,"column":22}},"loc":{"start":{"line":89,"column":46},"end":{"line":98,"column":1}},"line":89},"7":{"name":"(anonymous_7)","decl":{"start":{"line":100,"column":20},"end":{"line":100,"column":21}},"loc":{"start":{"line":100,"column":45},"end":{"line":109,"column":1}},"line":100},"8":{"name":"(anonymous_8)","decl":{"start":{"line":111,"column":26},"end":{"line":111,"column":27}},"loc":{"start":{"line":111,"column":52},"end":{"line":156,"column":3}},"line":111},"9":{"name":"(anonymous_9)","decl":{"start":{"line":139,"column":42},"end":{"line":139,"column":43}},"loc":{"start":{"line":139,"column":52},"end":{"line":139,"column":60}},"line":139},"10":{"name":"(anonymous_10)","decl":{"start":{"line":159,"column":31},"end":{"line":159,"column":32}},"loc":{"start":{"line":159,"column":56},"end":{"line":170,"column":1}},"line":159}},"branchMap":{"0":{"loc":{"start":{"line":76,"column":21},"end":{"line":76,"column":49}},"type":"cond-expr","locations":[{"start":{"line":76,"column":28},"end":{"line":76,"column":42}},{"start":{"line":76,"column":45},"end":{"line":76,"column":49}}],"line":76},"1":{"loc":{"start":{"line":92,"column":4},"end":{"line":97,"column":5}},"type":"if","locations":[{"start":{"line":92,"column":4},"end":{"line":97,"column":5}},{"start":{"line":95,"column":8},"end":{"line":97,"column":5}}],"line":92},"2":{"loc":{"start":{"line":102,"column":4},"end":{"line":108,"column":5}},"type":"if","locations":[{"start":{"line":102,"column":4},"end":{"line":108,"column":5}},{"start":{"line":106,"column":8},"end":{"line":108,"column":5}}],"line":102},"3":{"loc":{"start":{"line":117,"column":6},"end":{"line":119,"column":7}},"type":"if","locations":[{"start":{"line":117,"column":6},"end":{"line":119,"column":7}},{"start":{},"end":{}}],"line":117},"4":{"loc":{"start":{"line":121,"column":6},"end":{"line":123,"column":7}},"type":"if","locations":[{"start":{"line":121,"column":6},"end":{"line":123,"column":7}},{"start":{},"end":{}}],"line":121},"5":{"loc":{"start":{"line":142,"column":6},"end":{"line":144,"column":7}},"type":"if","locations":[{"start":{"line":142,"column":6},"end":{"line":144,"column":7}},{"start":{},"end":{}}],"line":142},"6":{"loc":{"start":{"line":161,"column":4},"end":{"line":169,"column":5}},"type":"if","locations":[{"start":{"line":161,"column":4},"end":{"line":169,"column":5}},{"start":{"line":167,"column":8},"end":{"line":169,"column":5}}],"line":161}},"s":{"0":5,"1":5,"2":5,"3":5,"4":1,"5":1,"6":1,"7":0,"8":5,"9":1,"10":1,"11":1,"12":1,"13":1,"14":0,"15":5,"16":1,"17":1,"18":1,"19":2,"20":2,"21":2,"22":2,"23":2,"24":2,"25":1,"26":0,"27":0,"28":5,"29":1,"30":1,"31":1,"32":1,"33":0,"34":5,"35":1,"36":1,"37":1,"38":1,"39":0,"40":5,"41":1,"42":1,"43":1,"44":1,"45":0,"46":1,"47":0,"48":1,"49":1,"50":1,"51":1,"52":1,"53":1,"54":1,"55":1,"56":1,"57":0,"58":1,"59":1,"60":1,"61":1,"62":0,"63":0,"64":5,"65":1,"66":1,"67":1,"68":1,"69":1,"70":1,"71":0,"72":5},"f":{"0":1,"1":1,"2":1,"3":1,"4":2,"5":2,"6":1,"7":1,"8":1,"9":1,"10":1},"b":{"0":[2,0],"1":[1,0],"2":[1,0],"3":[0,1],"4":[0,1],"5":[0,1],"6":[1,0]},"_coverageSchema":"1a1c01bbd47fc00a2c39e90264f33305004495a9","hash":"943da29f4cf6295945621a01a0c549aeb49b8c7e"}
,"C:\\Users\\Dell\\Documents\\C30A-webapi\\task1-web-api-sAyusha\\task1_web_api\\controllers\\user_controller.js": {"path":"C:\\Users\\Dell\\Documents\\C30A-webapi\\task1-web-api-sAyusha\\task1_web_api\\controllers\\user_controller.js","statementMap":{"0":{"start":{"line":1,"column":13},"end":{"line":1,"column":38}},"1":{"start":{"line":2,"column":15},"end":{"line":2,"column":34}},"2":{"start":{"line":3,"column":12},"end":{"line":3,"column":35}},"3":{"start":{"line":5,"column":13},"end":{"line":5,"column":28}},"4":{"start":{"line":6,"column":11},"end":{"line":6,"column":24}},"5":{"start":{"line":9,"column":21},"end":{"line":41,"column":1}},"6":{"start":{"line":10,"column":57},"end":{"line":10,"column":65}},"7":{"start":{"line":11,"column":2},"end":{"line":40,"column":17}},"8":{"start":{"line":13,"column":6},"end":{"line":15,"column":7}},"9":{"start":{"line":14,"column":8},"end":{"line":14,"column":69}},"10":{"start":{"line":17,"column":6},"end":{"line":19,"column":7}},"11":{"start":{"line":18,"column":8},"end":{"line":18,"column":76}},"12":{"start":{"line":21,"column":6},"end":{"line":23,"column":7}},"13":{"start":{"line":22,"column":8},"end":{"line":22,"column":77}},"14":{"start":{"line":25,"column":6},"end":{"line":38,"column":9}},"15":{"start":{"line":26,"column":8},"end":{"line":28,"column":9}},"16":{"start":{"line":27,"column":10},"end":{"line":27,"column":55}},"17":{"start":{"line":29,"column":8},"end":{"line":37,"column":23}},"18":{"start":{"line":33,"column":12},"end":{"line":35,"column":15}},"19":{"start":{"line":34,"column":14},"end":{"line":34,"column":46}},"20":{"start":{"line":45,"column":18},"end":{"line":82,"column":1}},"21":{"start":{"line":46,"column":33},"end":{"line":46,"column":41}},"22":{"start":{"line":47,"column":2},"end":{"line":81,"column":17}},"23":{"start":{"line":49,"column":6},"end":{"line":53,"column":7}},"24":{"start":{"line":50,"column":8},"end":{"line":52,"column":72}},"25":{"start":{"line":54,"column":6},"end":{"line":56,"column":7}},"26":{"start":{"line":55,"column":8},"end":{"line":55,"column":72}},"27":{"start":{"line":57,"column":6},"end":{"line":79,"column":9}},"28":{"start":{"line":58,"column":8},"end":{"line":60,"column":9}},"29":{"start":{"line":59,"column":10},"end":{"line":59,"column":62}},"30":{"start":{"line":61,"column":8},"end":{"line":63,"column":9}},"31":{"start":{"line":62,"column":10},"end":{"line":62,"column":75}},"32":{"start":{"line":64,"column":24},"end":{"line":67,"column":9}},"33":{"start":{"line":68,"column":8},"end":{"line":78,"column":10}},"34":{"start":{"line":73,"column":12},"end":{"line":75,"column":13}},"35":{"start":{"line":74,"column":14},"end":{"line":74,"column":65}},"36":{"start":{"line":76,"column":12},"end":{"line":76,"column":58}},"37":{"start":{"line":85,"column":20},"end":{"line":90,"column":1}},"38":{"start":{"line":86,"column":16},"end":{"line":86,"column":35}},"39":{"start":{"line":87,"column":2},"end":{"line":89,"column":5}},"40":{"start":{"line":93,"column":23},"end":{"line":99,"column":1}},"41":{"start":{"line":94,"column":22},"end":{"line":94,"column":30}},"42":{"start":{"line":96,"column":2},"end":{"line":98,"column":5}},"43":{"start":{"line":102,"column":24},"end":{"line":115,"column":1}},"44":{"start":{"line":103,"column":17},"end":{"line":103,"column":28}},"45":{"start":{"line":105,"column":2},"end":{"line":114,"column":3}},"46":{"start":{"line":106,"column":17},"end":{"line":106,"column":44}},"47":{"start":{"line":107,"column":4},"end":{"line":109,"column":5}},"48":{"start":{"line":108,"column":6},"end":{"line":108,"column":63}},"49":{"start":{"line":111,"column":4},"end":{"line":111,"column":31}},"50":{"start":{"line":113,"column":4},"end":{"line":113,"column":16}},"51":{"start":{"line":118,"column":19},"end":{"line":146,"column":1}},"52":{"start":{"line":119,"column":2},"end":{"line":119,"column":34}},"53":{"start":{"line":120,"column":2},"end":{"line":145,"column":7}},"54":{"start":{"line":122,"column":6},"end":{"line":139,"column":7}},"55":{"start":{"line":123,"column":24},"end":{"line":126,"column":9}},"56":{"start":{"line":127,"column":8},"end":{"line":134,"column":11}},"57":{"start":{"line":128,"column":10},"end":{"line":130,"column":11}},"58":{"start":{"line":129,"column":12},"end":{"line":129,"column":29}},"59":{"start":{"line":131,"column":10},"end":{"line":133,"column":13}},"60":{"start":{"line":136,"column":8},"end":{"line":138,"column":11}},"61":{"start":{"line":142,"column":6},"end":{"line":144,"column":9}},"62":{"start":{"line":150,"column":23},"end":{"line":165,"column":1}},"63":{"start":{"line":151,"column":2},"end":{"line":164,"column":3}},"64":{"start":{"line":152,"column":19},"end":{"line":152,"column":30}},"65":{"start":{"line":153,"column":17},"end":{"line":153,"column":44}},"66":{"start":{"line":154,"column":4},"end":{"line":156,"column":5}},"67":{"start":{"line":155,"column":6},"end":{"line":155,"column":63}},"68":{"start":{"line":158,"column":4},"end":{"line":160,"column":7}},"69":{"start":{"line":161,"column":4},"end":{"line":161,"column":36}},"70":{"start":{"line":163,"column":4},"end":{"line":163,"column":16}},"71":{"start":{"line":168,"column":26},"end":{"line":223,"column":1}},"72":{"start":{"line":169,"column":17},"end":{"line":169,"column":28}},"73":{"start":{"line":170,"column":52},"end":{"line":170,"column":60}},"74":{"start":{"line":171,"column":2},"end":{"line":171,"column":34}},"75":{"start":{"line":173,"column":2},"end":{"line":222,"column":3}},"76":{"start":{"line":174,"column":17},"end":{"line":174,"column":44}},"77":{"start":{"line":175,"column":4},"end":{"line":175,"column":31}},"78":{"start":{"line":177,"column":4},"end":{"line":179,"column":5}},"79":{"start":{"line":178,"column":6},"end":{"line":178,"column":63}},"80":{"start":{"line":181,"column":4},"end":{"line":183,"column":5}},"81":{"start":{"line":182,"column":6},"end":{"line":182,"column":31}},"82":{"start":{"line":184,"column":4},"end":{"line":192,"column":5}},"83":{"start":{"line":185,"column":39},"end":{"line":187,"column":8}},"84":{"start":{"line":188,"column":6},"end":{"line":190,"column":7}},"85":{"start":{"line":189,"column":8},"end":{"line":189,"column":76}},"86":{"start":{"line":191,"column":6},"end":{"line":191,"column":31}},"87":{"start":{"line":193,"column":4},"end":{"line":199,"column":5}},"88":{"start":{"line":194,"column":36},"end":{"line":194,"column":72}},"89":{"start":{"line":195,"column":6},"end":{"line":197,"column":7}},"90":{"start":{"line":196,"column":8},"end":{"line":196,"column":73}},"91":{"start":{"line":198,"column":6},"end":{"line":198,"column":25}},"92":{"start":{"line":200,"column":4},"end":{"line":208,"column":5}},"93":{"start":{"line":201,"column":36},"end":{"line":203,"column":8}},"94":{"start":{"line":204,"column":6},"end":{"line":206,"column":7}},"95":{"start":{"line":205,"column":8},"end":{"line":205,"column":80}},"96":{"start":{"line":207,"column":6},"end":{"line":207,"column":25}},"97":{"start":{"line":209,"column":4},"end":{"line":211,"column":5}},"98":{"start":{"line":210,"column":6},"end":{"line":210,"column":21}},"99":{"start":{"line":214,"column":24},"end":{"line":214,"column":41}},"100":{"start":{"line":216,"column":4},"end":{"line":218,"column":7}},"101":{"start":{"line":220,"column":4},"end":{"line":220,"column":57}},"102":{"start":{"line":221,"column":4},"end":{"line":221,"column":16}},"103":{"start":{"line":227,"column":29},"end":{"line":257,"column":1}},"104":{"start":{"line":228,"column":2},"end":{"line":256,"column":3}},"105":{"start":{"line":229,"column":4},"end":{"line":231,"column":5}},"106":{"start":{"line":230,"column":6},"end":{"line":230,"column":63}},"107":{"start":{"line":233,"column":4},"end":{"line":235,"column":5}},"108":{"start":{"line":234,"column":6},"end":{"line":234,"column":71}},"109":{"start":{"line":238,"column":19},"end":{"line":238,"column":30}},"110":{"start":{"line":239,"column":25},"end":{"line":239,"column":42}},"111":{"start":{"line":241,"column":4},"end":{"line":252,"column":9}},"112":{"start":{"line":243,"column":8},"end":{"line":245,"column":11}},"113":{"start":{"line":248,"column":8},"end":{"line":248,"column":27}},"114":{"start":{"line":249,"column":8},"end":{"line":251,"column":11}},"115":{"start":{"line":255,"column":4},"end":{"line":255,"column":16}},"116":{"start":{"line":261,"column":23},"end":{"line":305,"column":1}},"117":{"start":{"line":262,"column":60},"end":{"line":262,"column":68}},"118":{"start":{"line":263,"column":17},"end":{"line":263,"column":28}},"119":{"start":{"line":265,"column":2},"end":{"line":304,"column":3}},"120":{"start":{"line":267,"column":17},"end":{"line":267,"column":44}},"121":{"start":{"line":268,"column":4},"end":{"line":270,"column":5}},"122":{"start":{"line":269,"column":6},"end":{"line":269,"column":63}},"123":{"start":{"line":273,"column":26},"end":{"line":273,"column":78}},"124":{"start":{"line":274,"column":4},"end":{"line":276,"column":5}},"125":{"start":{"line":275,"column":6},"end":{"line":275,"column":75}},"126":{"start":{"line":279,"column":4},"end":{"line":283,"column":5}},"127":{"start":{"line":280,"column":6},"end":{"line":282,"column":75}},"128":{"start":{"line":286,"column":4},"end":{"line":290,"column":5}},"129":{"start":{"line":287,"column":6},"end":{"line":289,"column":9}},"130":{"start":{"line":293,"column":30},"end":{"line":293,"column":64}},"131":{"start":{"line":296,"column":4},"end":{"line":296,"column":38}},"132":{"start":{"line":299,"column":4},"end":{"line":299,"column":22}},"133":{"start":{"line":301,"column":4},"end":{"line":301,"column":71}},"134":{"start":{"line":303,"column":4},"end":{"line":303,"column":16}},"135":{"start":{"line":308,"column":19},"end":{"line":315,"column":1}},"136":{"start":{"line":309,"column":2},"end":{"line":314,"column":3}},"137":{"start":{"line":310,"column":4},"end":{"line":310,"column":17}},"138":{"start":{"line":311,"column":4},"end":{"line":311,"column":64}},"139":{"start":{"line":313,"column":4},"end":{"line":313,"column":16}},"140":{"start":{"line":317,"column":21},"end":{"line":335,"column":1}},"141":{"start":{"line":318,"column":17},"end":{"line":318,"column":35}},"142":{"start":{"line":320,"column":2},"end":{"line":334,"column":3}},"143":{"start":{"line":321,"column":17},"end":{"line":321,"column":44}},"144":{"start":{"line":323,"column":4},"end":{"line":325,"column":5}},"145":{"start":{"line":324,"column":6},"end":{"line":324,"column":65}},"146":{"start":{"line":328,"column":22},"end":{"line":328,"column":36}},"147":{"start":{"line":330,"column":4},"end":{"line":330,"column":28}},"148":{"start":{"line":332,"column":4},"end":{"line":332,"column":25}},"149":{"start":{"line":333,"column":4},"end":{"line":333,"column":70}},"150":{"start":{"line":337,"column":0},"end":{"line":350,"column":1}}},"fnMap":{"0":{"name":"(anonymous_0)","decl":{"start":{"line":9,"column":21},"end":{"line":9,"column":22}},"loc":{"start":{"line":9,"column":41},"end":{"line":41,"column":1}},"line":9},"1":{"name":"(anonymous_1)","decl":{"start":{"line":12,"column":10},"end":{"line":12,"column":11}},"loc":{"start":{"line":12,"column":20},"end":{"line":39,"column":5}},"line":12},"2":{"name":"(anonymous_2)","decl":{"start":{"line":25,"column":32},"end":{"line":25,"column":33}},"loc":{"start":{"line":25,"column":47},"end":{"line":38,"column":7}},"line":25},"3":{"name":"(anonymous_3)","decl":{"start":{"line":30,"column":16},"end":{"line":30,"column":17}},"loc":{"start":{"line":30,"column":26},"end":{"line":36,"column":11}},"line":30},"4":{"name":"(anonymous_4)","decl":{"start":{"line":33,"column":29},"end":{"line":33,"column":30}},"loc":{"start":{"line":33,"column":44},"end":{"line":35,"column":13}},"line":33},"5":{"name":"(anonymous_5)","decl":{"start":{"line":45,"column":18},"end":{"line":45,"column":19}},"loc":{"start":{"line":45,"column":38},"end":{"line":82,"column":1}},"line":45},"6":{"name":"(anonymous_6)","decl":{"start":{"line":48,"column":10},"end":{"line":48,"column":11}},"loc":{"start":{"line":48,"column":20},"end":{"line":80,"column":5}},"line":48},"7":{"name":"(anonymous_7)","decl":{"start":{"line":57,"column":46},"end":{"line":57,"column":47}},"loc":{"start":{"line":57,"column":64},"end":{"line":79,"column":7}},"line":57},"8":{"name":"(anonymous_8)","decl":{"start":{"line":72,"column":10},"end":{"line":72,"column":11}},"loc":{"start":{"line":72,"column":26},"end":{"line":77,"column":11}},"line":72},"9":{"name":"(anonymous_9)","decl":{"start":{"line":85,"column":20},"end":{"line":85,"column":21}},"loc":{"start":{"line":85,"column":46},"end":{"line":90,"column":1}},"line":85},"10":{"name":"(anonymous_10)","decl":{"start":{"line":93,"column":23},"end":{"line":93,"column":24}},"loc":{"start":{"line":93,"column":49},"end":{"line":99,"column":1}},"line":93},"11":{"name":"(anonymous_11)","decl":{"start":{"line":102,"column":24},"end":{"line":102,"column":25}},"loc":{"start":{"line":102,"column":50},"end":{"line":115,"column":1}},"line":102},"12":{"name":"(anonymous_12)","decl":{"start":{"line":118,"column":19},"end":{"line":118,"column":20}},"loc":{"start":{"line":118,"column":45},"end":{"line":146,"column":1}},"line":118},"13":{"name":"(anonymous_13)","decl":{"start":{"line":121,"column":10},"end":{"line":121,"column":11}},"loc":{"start":{"line":121,"column":20},"end":{"line":140,"column":5}},"line":121},"14":{"name":"(anonymous_14)","decl":{"start":{"line":127,"column":29},"end":{"line":127,"column":30}},"loc":{"start":{"line":127,"column":38},"end":{"line":134,"column":9}},"line":127},"15":{"name":"(anonymous_15)","decl":{"start":{"line":141,"column":11},"end":{"line":141,"column":12}},"loc":{"start":{"line":141,"column":20},"end":{"line":145,"column":5}},"line":141},"16":{"name":"(anonymous_16)","decl":{"start":{"line":150,"column":23},"end":{"line":150,"column":24}},"loc":{"start":{"line":150,"column":49},"end":{"line":165,"column":1}},"line":150},"17":{"name":"(anonymous_17)","decl":{"start":{"line":168,"column":26},"end":{"line":168,"column":27}},"loc":{"start":{"line":168,"column":52},"end":{"line":223,"column":1}},"line":168},"18":{"name":"(anonymous_18)","decl":{"start":{"line":227,"column":29},"end":{"line":227,"column":30}},"loc":{"start":{"line":227,"column":55},"end":{"line":257,"column":1}},"line":227},"19":{"name":"(anonymous_19)","decl":{"start":{"line":242,"column":12},"end":{"line":242,"column":13}},"loc":{"start":{"line":242,"column":18},"end":{"line":246,"column":7}},"line":242},"20":{"name":"(anonymous_20)","decl":{"start":{"line":247,"column":13},"end":{"line":247,"column":14}},"loc":{"start":{"line":247,"column":24},"end":{"line":252,"column":7}},"line":247},"21":{"name":"(anonymous_21)","decl":{"start":{"line":261,"column":23},"end":{"line":261,"column":24}},"loc":{"start":{"line":261,"column":49},"end":{"line":305,"column":1}},"line":261},"22":{"name":"(anonymous_22)","decl":{"start":{"line":308,"column":19},"end":{"line":308,"column":20}},"loc":{"start":{"line":308,"column":45},"end":{"line":315,"column":1}},"line":308},"23":{"name":"(anonymous_23)","decl":{"start":{"line":317,"column":21},"end":{"line":317,"column":22}},"loc":{"start":{"line":317,"column":47},"end":{"line":335,"column":1}},"line":317}},"branchMap":{"0":{"loc":{"start":{"line":13,"column":6},"end":{"line":15,"column":7}},"type":"if","locations":[{"start":{"line":13,"column":6},"end":{"line":15,"column":7}},{"start":{},"end":{}}],"line":13},"1":{"loc":{"start":{"line":17,"column":6},"end":{"line":19,"column":7}},"type":"if","locations":[{"start":{"line":17,"column":6},"end":{"line":19,"column":7}},{"start":{},"end":{}}],"line":17},"2":{"loc":{"start":{"line":17,"column":10},"end":{"line":17,"column":55}},"type":"binary-expr","locations":[{"start":{"line":17,"column":10},"end":{"line":17,"column":19}},{"start":{"line":17,"column":23},"end":{"line":17,"column":32}},{"start":{"line":17,"column":36},"end":{"line":17,"column":45}},{"start":{"line":17,"column":49},"end":{"line":17,"column":55}}],"line":17},"3":{"loc":{"start":{"line":21,"column":6},"end":{"line":23,"column":7}},"type":"if","locations":[{"start":{"line":21,"column":6},"end":{"line":23,"column":7}},{"start":{},"end":{}}],"line":21},"4":{"loc":{"start":{"line":21,"column":10},"end":{"line":21,"column":54}},"type":"binary-expr","locations":[{"start":{"line":21,"column":10},"end":{"line":21,"column":30}},{"start":{"line":21,"column":34},"end":{"line":21,"column":54}}],"line":21},"5":{"loc":{"start":{"line":26,"column":8},"end":{"line":28,"column":9}},"type":"if","locations":[{"start":{"line":26,"column":8},"end":{"line":28,"column":9}},{"start":{},"end":{}}],"line":26},"6":{"loc":{"start":{"line":49,"column":6},"end":{"line":53,"column":7}},"type":"if","locations":[{"start":{"line":49,"column":6},"end":{"line":53,"column":7}},{"start":{},"end":{}}],"line":49},"7":{"loc":{"start":{"line":49,"column":10},"end":{"line":49,"column":32}},"type":"binary-expr","locations":[{"start":{"line":49,"column":10},"end":{"line":49,"column":19}},{"start":{"line":49,"column":23},"end":{"line":49,"column":32}}],"line":49},"8":{"loc":{"start":{"line":54,"column":6},"end":{"line":56,"column":7}},"type":"if","locations":[{"start":{"line":54,"column":6},"end":{"line":56,"column":7}},{"start":{},"end":{}}],"line":54},"9":{"loc":{"start":{"line":58,"column":8},"end":{"line":60,"column":9}},"type":"if","locations":[{"start":{"line":58,"column":8},"end":{"line":60,"column":9}},{"start":{},"end":{}}],"line":58},"10":{"loc":{"start":{"line":61,"column":8},"end":{"line":63,"column":9}},"type":"if","locations":[{"start":{"line":61,"column":8},"end":{"line":63,"column":9}},{"start":{},"end":{}}],"line":61},"11":{"loc":{"start":{"line":73,"column":12},"end":{"line":75,"column":13}},"type":"if","locations":[{"start":{"line":73,"column":12},"end":{"line":75,"column":13}},{"start":{},"end":{}}],"line":73},"12":{"loc":{"start":{"line":107,"column":4},"end":{"line":109,"column":5}},"type":"if","locations":[{"start":{"line":107,"column":4},"end":{"line":109,"column":5}},{"start":{},"end":{}}],"line":107},"13":{"loc":{"start":{"line":122,"column":6},"end":{"line":139,"column":7}},"type":"if","locations":[{"start":{"line":122,"column":6},"end":{"line":139,"column":7}},{"start":{"line":135,"column":13},"end":{"line":139,"column":7}}],"line":122},"14":{"loc":{"start":{"line":128,"column":10},"end":{"line":130,"column":11}},"type":"if","locations":[{"start":{"line":128,"column":10},"end":{"line":130,"column":11}},{"start":{},"end":{}}],"line":128},"15":{"loc":{"start":{"line":154,"column":4},"end":{"line":156,"column":5}},"type":"if","locations":[{"start":{"line":154,"column":4},"end":{"line":156,"column":5}},{"start":{},"end":{}}],"line":154},"16":{"loc":{"start":{"line":177,"column":4},"end":{"line":179,"column":5}},"type":"if","locations":[{"start":{"line":177,"column":4},"end":{"line":179,"column":5}},{"start":{},"end":{}}],"line":177},"17":{"loc":{"start":{"line":181,"column":4},"end":{"line":183,"column":5}},"type":"if","locations":[{"start":{"line":181,"column":4},"end":{"line":183,"column":5}},{"start":{},"end":{}}],"line":181},"18":{"loc":{"start":{"line":181,"column":8},"end":{"line":181,"column":65}},"type":"binary-expr","locations":[{"start":{"line":181,"column":8},"end":{"line":181,"column":16}},{"start":{"line":181,"column":20},"end":{"line":181,"column":35}},{"start":{"line":181,"column":39},"end":{"line":181,"column":65}}],"line":181},"19":{"loc":{"start":{"line":184,"column":4},"end":{"line":192,"column":5}},"type":"if","locations":[{"start":{"line":184,"column":4},"end":{"line":192,"column":5}},{"start":{},"end":{}}],"line":184},"20":{"loc":{"start":{"line":184,"column":8},"end":{"line":184,"column":65}},"type":"binary-expr","locations":[{"start":{"line":184,"column":8},"end":{"line":184,"column":16}},{"start":{"line":184,"column":20},"end":{"line":184,"column":35}},{"start":{"line":184,"column":39},"end":{"line":184,"column":65}}],"line":184},"21":{"loc":{"start":{"line":188,"column":6},"end":{"line":190,"column":7}},"type":"if","locations":[{"start":{"line":188,"column":6},"end":{"line":190,"column":7}},{"start":{},"end":{}}],"line":188},"22":{"loc":{"start":{"line":193,"column":4},"end":{"line":199,"column":5}},"type":"if","locations":[{"start":{"line":193,"column":4},"end":{"line":199,"column":5}},{"start":{},"end":{}}],"line":193},"23":{"loc":{"start":{"line":193,"column":8},"end":{"line":193,"column":53}},"type":"binary-expr","locations":[{"start":{"line":193,"column":8},"end":{"line":193,"column":13}},{"start":{"line":193,"column":17},"end":{"line":193,"column":29}},{"start":{"line":193,"column":33},"end":{"line":193,"column":53}}],"line":193},"24":{"loc":{"start":{"line":195,"column":6},"end":{"line":197,"column":7}},"type":"if","locations":[{"start":{"line":195,"column":6},"end":{"line":197,"column":7}},{"start":{},"end":{}}],"line":195},"25":{"loc":{"start":{"line":200,"column":4},"end":{"line":208,"column":5}},"type":"if","locations":[{"start":{"line":200,"column":4},"end":{"line":208,"column":5}},{"start":{},"end":{}}],"line":200},"26":{"loc":{"start":{"line":200,"column":8},"end":{"line":200,"column":51}},"type":"binary-expr","locations":[{"start":{"line":200,"column":8},"end":{"line":200,"column":27}},{"start":{"line":200,"column":31},"end":{"line":200,"column":51}}],"line":200},"27":{"loc":{"start":{"line":204,"column":6},"end":{"line":206,"column":7}},"type":"if","locations":[{"start":{"line":204,"column":6},"end":{"line":206,"column":7}},{"start":{},"end":{}}],"line":204},"28":{"loc":{"start":{"line":209,"column":4},"end":{"line":211,"column":5}},"type":"if","locations":[{"start":{"line":209,"column":4},"end":{"line":211,"column":5}},{"start":{},"end":{}}],"line":209},"29":{"loc":{"start":{"line":209,"column":8},"end":{"line":209,"column":45}},"type":"binary-expr","locations":[{"start":{"line":209,"column":8},"end":{"line":209,"column":25}},{"start":{"line":209,"column":29},"end":{"line":209,"column":45}}],"line":209},"30":{"loc":{"start":{"line":229,"column":4},"end":{"line":231,"column":5}},"type":"if","locations":[{"start":{"line":229,"column":4},"end":{"line":231,"column":5}},{"start":{},"end":{}}],"line":229},"31":{"loc":{"start":{"line":233,"column":4},"end":{"line":235,"column":5}},"type":"if","locations":[{"start":{"line":233,"column":4},"end":{"line":235,"column":5}},{"start":{},"end":{}}],"line":233},"32":{"loc":{"start":{"line":268,"column":4},"end":{"line":270,"column":5}},"type":"if","locations":[{"start":{"line":268,"column":4},"end":{"line":270,"column":5}},{"start":{},"end":{}}],"line":268},"33":{"loc":{"start":{"line":274,"column":4},"end":{"line":276,"column":5}},"type":"if","locations":[{"start":{"line":274,"column":4},"end":{"line":276,"column":5}},{"start":{},"end":{}}],"line":274},"34":{"loc":{"start":{"line":279,"column":4},"end":{"line":283,"column":5}},"type":"if","locations":[{"start":{"line":279,"column":4},"end":{"line":283,"column":5}},{"start":{},"end":{}}],"line":279},"35":{"loc":{"start":{"line":286,"column":4},"end":{"line":290,"column":5}},"type":"if","locations":[{"start":{"line":286,"column":4},"end":{"line":290,"column":5}},{"start":{},"end":{}}],"line":286},"36":{"loc":{"start":{"line":323,"column":4},"end":{"line":325,"column":5}},"type":"if","locations":[{"start":{"line":323,"column":4},"end":{"line":325,"column":5}},{"start":{},"end":{}}],"line":323}},"s":{"0":5,"1":5,"2":5,"3":5,"4":5,"5":5,"6":6,"7":6,"8":6,"9":1,"10":5,"11":1,"12":4,"13":0,"14":4,"15":4,"16":0,"17":4,"18":4,"19":4,"20":5,"21":17,"22":17,"23":17,"24":1,"25":16,"26":1,"27":15,"28":15,"29":0,"30":15,"31":1,"32":14,"33":14,"34":14,"35":0,"36":14,"37":5,"38":1,"39":1,"40":5,"41":1,"42":1,"43":5,"44":2,"45":2,"46":2,"47":2,"48":1,"49":1,"50":0,"51":5,"52":2,"53":2,"54":2,"55":1,"56":1,"57":1,"58":1,"59":1,"60":1,"61":0,"62":5,"63":1,"64":1,"65":1,"66":1,"67":0,"68":1,"69":1,"70":0,"71":5,"72":5,"73":5,"74":5,"75":5,"76":5,"77":5,"78":5,"79":0,"80":5,"81":1,"82":5,"83":1,"84":1,"85":1,"86":0,"87":4,"88":1,"89":1,"90":1,"91":0,"92":3,"93":2,"94":2,"95":1,"96":1,"97":2,"98":1,"99":2,"100":2,"101":0,"102":0,"103":5,"104":1,"105":1,"106":0,"107":1,"108":0,"109":1,"110":1,"111":1,"112":1,"113":0,"114":0,"115":0,"116":5,"117":4,"118":4,"119":4,"120":4,"121":4,"122":0,"123":4,"124":4,"125":1,"126":3,"127":1,"128":2,"129":1,"130":1,"131":1,"132":1,"133":1,"134":0,"135":5,"136":0,"137":0,"138":0,"139":0,"140":5,"141":2,"142":2,"143":2,"144":2,"145":1,"146":1,"147":1,"148":0,"149":0,"150":5},"f":{"0":6,"1":6,"2":4,"3":4,"4":4,"5":17,"6":17,"7":15,"8":14,"9":1,"10":1,"11":2,"12":2,"13":2,"14":1,"15":0,"16":1,"17":5,"18":1,"19":1,"20":0,"21":4,"22":0,"23":2},"b":{"0":[1,5],"1":[1,4],"2":[5,5,5,5],"3":[0,4],"4":[4,4],"5":[0,4],"6":[1,16],"7":[17,17],"8":[1,15],"9":[0,15],"10":[1,14],"11":[0,14],"12":[1,1],"13":[1,1],"14":[1,0],"15":[0,1],"16":[0,5],"17":[1,4],"18":[5,1,1],"19":[1,4],"20":[5,1,1],"21":[1,0],"22":[1,3],"23":[4,1,1],"24":[1,0],"25":[2,1],"26":[3,2],"27":[1,1],"28":[1,1],"29":[2,1],"30":[0,1],"31":[0,1],"32":[0,4],"33":[1,3],"34":[1,2],"35":[1,1],"36":[1,1]},"_coverageSchema":"1a1c01bbd47fc00a2c39e90264f33305004495a9","hash":"5c47d916550560e931b70ce06338cb7a0ceb73ce"}
,"C:\\Users\\Dell\\Documents\\C30A-webapi\\task1-web-api-sAyusha\\task1_web_api\\middlewares\\auth.js": {"path":"C:\\Users\\Dell\\Documents\\C30A-webapi\\task1-web-api-sAyusha\\task1_web_api\\middlewares\\auth.js","statementMap":{"0":{"start":{"line":1,"column":12},"end":{"line":1,"column":35}},"1":{"start":{"line":3,"column":19},"end":{"line":15,"column":1}},"2":{"start":{"line":4,"column":14},"end":{"line":4,"column":39}},"3":{"start":{"line":5,"column":2},"end":{"line":5,"column":79}},"4":{"start":{"line":5,"column":14},"end":{"line":5,"column":79}},"5":{"start":{"line":6,"column":2},"end":{"line":6,"column":30}},"6":{"start":{"line":8,"column":2},"end":{"line":14,"column":3}},"7":{"start":{"line":9,"column":20},"end":{"line":9,"column":63}},"8":{"start":{"line":10,"column":4},"end":{"line":10,"column":23}},"9":{"start":{"line":11,"column":4},"end":{"line":11,"column":11}},"10":{"start":{"line":13,"column":4},"end":{"line":13,"column":51}},"11":{"start":{"line":17,"column":0},"end":{"line":17,"column":32}}},"fnMap":{"0":{"name":"(anonymous_0)","decl":{"start":{"line":3,"column":19},"end":{"line":3,"column":20}},"loc":{"start":{"line":3,"column":45},"end":{"line":15,"column":1}},"line":3}},"branchMap":{"0":{"loc":{"start":{"line":5,"column":2},"end":{"line":5,"column":79}},"type":"if","locations":[{"start":{"line":5,"column":2},"end":{"line":5,"column":79}},{"start":{},"end":{}}],"line":5}},"s":{"0":5,"1":5,"2":64,"3":64,"4":3,"5":61,"6":61,"7":61,"8":61,"9":61,"10":0,"11":5},"f":{"0":64},"b":{"0":[3,61]},"_coverageSchema":"1a1c01bbd47fc00a2c39e90264f33305004495a9","hash":"5705a7ae26fb29d64d58f1df72902ff0e9990732"}
,"C:\\Users\\Dell\\Documents\\C30A-webapi\\task1-web-api-sAyusha\\task1_web_api\\middlewares\\uploads.js": {"path":"C:\\Users\\Dell\\Documents\\C30A-webapi\\task1-web-api-sAyusha\\task1_web_api\\middlewares\\uploads.js","statementMap":{"0":{"start":{"line":1,"column":15},"end":{"line":1,"column":32}},"1":{"start":{"line":2,"column":16},"end":{"line":2,"column":31}},"2":{"start":{"line":3,"column":14},"end":{"line":3,"column":32}},"3":{"start":{"line":4,"column":13},"end":{"line":4,"column":28}},"4":{"start":{"line":6,"column":16},"end":{"line":14,"column":2}},"5":{"start":{"line":8,"column":8},"end":{"line":8,"column":34}},"6":{"start":{"line":11,"column":18},"end":{"line":11,"column":49}},"7":{"start":{"line":12,"column":8},"end":{"line":12,"column":43}},"8":{"start":{"line":16,"column":24},"end":{"line":21,"column":1}},"9":{"start":{"line":17,"column":4},"end":{"line":19,"column":5}},"10":{"start":{"line":18,"column":6},"end":{"line":18,"column":64}},"11":{"start":{"line":20,"column":4},"end":{"line":20,"column":19}},"12":{"start":{"line":24,"column":15},"end":{"line":28,"column":27}},"13":{"start":{"line":30,"column":0},"end":{"line":30,"column":24}}},"fnMap":{"0":{"name":"(anonymous_0)","decl":{"start":{"line":7,"column":17},"end":{"line":7,"column":18}},"loc":{"start":{"line":7,"column":36},"end":{"line":9,"column":5}},"line":7},"1":{"name":"(anonymous_1)","decl":{"start":{"line":10,"column":14},"end":{"line":10,"column":15}},"loc":{"start":{"line":10,"column":32},"end":{"line":13,"column":5}},"line":10},"2":{"name":"(anonymous_2)","decl":{"start":{"line":16,"column":24},"end":{"line":16,"column":25}},"loc":{"start":{"line":16,"column":43},"end":{"line":21,"column":1}},"line":16}},"branchMap":{"0":{"loc":{"start":{"line":17,"column":4},"end":{"line":19,"column":5}},"type":"if","locations":[{"start":{"line":17,"column":4},"end":{"line":19,"column":5}},{"start":{},"end":{}}],"line":17}},"s":{"0":5,"1":5,"2":5,"3":5,"4":5,"5":1,"6":1,"7":1,"8":5,"9":1,"10":0,"11":1,"12":5,"13":5},"f":{"0":1,"1":1,"2":1},"b":{"0":[0,1]},"_coverageSchema":"1a1c01bbd47fc00a2c39e90264f33305004495a9","hash":"7d8b9e4d84c047669802125a3173b84863876053"}
,"C:\\Users\\Dell\\Documents\\C30A-webapi\\task1-web-api-sAyusha\\task1_web_api\\models\\art.js": {"path":"C:\\Users\\Dell\\Documents\\C30A-webapi\\task1-web-api-sAyusha\\task1_web_api\\models\\art.js","statementMap":{"0":{"start":{"line":1,"column":17},"end":{"line":1,"column":36}},"1":{"start":{"line":2,"column":15},"end":{"line":2,"column":32}},"2":{"start":{"line":3,"column":17},"end":{"line":3,"column":43}},"3":{"start":{"line":4,"column":13},"end":{"line":4,"column":30}},"4":{"start":{"line":7,"column":18},"end":{"line":80,"column":2}},"5":{"start":{"line":83,"column":0},"end":{"line":86,"column":3}},"6":{"start":{"line":85,"column":2},"end":{"line":85,"column":65}},"7":{"start":{"line":89,"column":0},"end":{"line":92,"column":3}},"8":{"start":{"line":91,"column":2},"end":{"line":91,"column":67}},"9":{"start":{"line":94,"column":0},"end":{"line":112,"column":3}},"10":{"start":{"line":97,"column":4},"end":{"line":97,"column":50}},"11":{"start":{"line":98,"column":4},"end":{"line":98,"column":32}},"12":{"start":{"line":99,"column":4},"end":{"line":99,"column":37}},"13":{"start":{"line":100,"column":4},"end":{"line":100,"column":32}},"14":{"start":{"line":103,"column":4},"end":{"line":103,"column":52}},"15":{"start":{"line":106,"column":4},"end":{"line":110,"column":5}},"16":{"start":{"line":107,"column":6},"end":{"line":107,"column":68}},"17":{"start":{"line":109,"column":6},"end":{"line":109,"column":47}},"18":{"start":{"line":115,"column":0},"end":{"line":121,"column":2}},"19":{"start":{"line":116,"column":2},"end":{"line":119,"column":3}},"20":{"start":{"line":117,"column":4},"end":{"line":117,"column":27}},"21":{"start":{"line":118,"column":4},"end":{"line":118,"column":23}},"22":{"start":{"line":120,"column":2},"end":{"line":120,"column":31}},"23":{"start":{"line":124,"column":0},"end":{"line":124,"column":50}}},"fnMap":{"0":{"name":"(anonymous_0)","decl":{"start":{"line":83,"column":41},"end":{"line":83,"column":42}},"loc":{"start":{"line":83,"column":53},"end":{"line":86,"column":1}},"line":83},"1":{"name":"(anonymous_1)","decl":{"start":{"line":89,"column":43},"end":{"line":89,"column":44}},"loc":{"start":{"line":89,"column":55},"end":{"line":92,"column":1}},"line":89},"2":{"name":"(anonymous_2)","decl":{"start":{"line":96,"column":13},"end":{"line":96,"column":14}},"loc":{"start":{"line":96,"column":45},"end":{"line":111,"column":3}},"line":96},"3":{"name":"(anonymous_3)","decl":{"start":{"line":115,"column":51},"end":{"line":115,"column":52}},"loc":{"start":{"line":115,"column":63},"end":{"line":121,"column":1}},"line":115}},"branchMap":{"0":{"loc":{"start":{"line":106,"column":4},"end":{"line":110,"column":5}},"type":"if","locations":[{"start":{"line":106,"column":4},"end":{"line":110,"column":5}},{"start":{"line":108,"column":11},"end":{"line":110,"column":5}}],"line":106},"1":{"loc":{"start":{"line":106,"column":8},"end":{"line":106,"column":78}},"type":"binary-expr","locations":[{"start":{"line":106,"column":8},"end":{"line":106,"column":54}},{"start":{"line":106,"column":58},"end":{"line":106,"column":78}}],"line":106},"2":{"loc":{"start":{"line":116,"column":2},"end":{"line":119,"column":3}},"type":"if","locations":[{"start":{"line":116,"column":2},"end":{"line":119,"column":3}},{"start":{},"end":{}}],"line":116},"3":{"loc":{"start":{"line":116,"column":6},"end":{"line":116,"column":54}},"type":"binary-expr","locations":[{"start":{"line":116,"column":6},"end":{"line":116,"column":22}},{"start":{"line":116,"column":26},"end":{"line":116,"column":54}}],"line":116}},"s":{"0":5,"1":5,"2":5,"3":5,"4":5,"5":5,"6":9,"7":5,"8":9,"9":5,"10":8,"11":8,"12":8,"13":8,"14":8,"15":8,"16":0,"17":8,"18":5,"19":2,"20":1,"21":1,"22":1,"23":5},"f":{"0":9,"1":9,"2":8,"3":2},"b":{"0":[0,8],"1":[8,0],"2":[1,1],"3":[2,2]},"_coverageSchema":"1a1c01bbd47fc00a2c39e90264f33305004495a9","hash":"db99d3e7f172271ea769d3ea39c3922ee3153f28"}
,"C:\\Users\\Dell\\Documents\\C30A-webapi\\task1-web-api-sAyusha\\task1_web_api\\models\\bid.js": {"path":"C:\\Users\\Dell\\Documents\\C30A-webapi\\task1-web-api-sAyusha\\task1_web_api\\models\\bid.js","statementMap":{"0":{"start":{"line":1,"column":17},"end":{"line":1,"column":36}},"1":{"start":{"line":2,"column":13},"end":{"line":2,"column":30}},"2":{"start":{"line":4,"column":18},"end":{"line":21,"column":2}},"3":{"start":{"line":23,"column":0},"end":{"line":23,"column":49}}},"fnMap":{},"branchMap":{},"s":{"0":5,"1":5,"2":5,"3":5},"f":{},"b":{},"_coverageSchema":"1a1c01bbd47fc00a2c39e90264f33305004495a9","hash":"2f949eca9054f41ddeaa9fb74acc3fabad127d14"}
,"C:\\Users\\Dell\\Documents\\C30A-webapi\\task1-web-api-sAyusha\\task1_web_api\\models\\order.js": {"path":"C:\\Users\\Dell\\Documents\\C30A-webapi\\task1-web-api-sAyusha\\task1_web_api\\models\\order.js","statementMap":{"0":{"start":{"line":1,"column":17},"end":{"line":1,"column":36}},"1":{"start":{"line":2,"column":13},"end":{"line":2,"column":30}},"2":{"start":{"line":5,"column":20},"end":{"line":96,"column":1}},"3":{"start":{"line":98,"column":0},"end":{"line":105,"column":3}},"4":{"start":{"line":100,"column":6},"end":{"line":100,"column":52}},"5":{"start":{"line":101,"column":6},"end":{"line":101,"column":34}},"6":{"start":{"line":102,"column":6},"end":{"line":102,"column":39}},"7":{"start":{"line":103,"column":6},"end":{"line":103,"column":34}},"8":{"start":{"line":108,"column":0},"end":{"line":108,"column":54}}},"fnMap":{"0":{"name":"(anonymous_0)","decl":{"start":{"line":99,"column":13},"end":{"line":99,"column":14}},"loc":{"start":{"line":99,"column":45},"end":{"line":104,"column":3}},"line":99}},"branchMap":{},"s":{"0":5,"1":5,"2":5,"3":5,"4":4,"5":4,"6":4,"7":4,"8":5},"f":{"0":4},"b":{},"_coverageSchema":"1a1c01bbd47fc00a2c39e90264f33305004495a9","hash":"d72b7e3637daf7023744f78c29734e528b2cca72"}
,"C:\\Users\\Dell\\Documents\\C30A-webapi\\task1-web-api-sAyusha\\task1_web_api\\models\\user.js": {"path":"C:\\Users\\Dell\\Documents\\C30A-webapi\\task1-web-api-sAyusha\\task1_web_api\\models\\user.js","statementMap":{"0":{"start":{"line":1,"column":17},"end":{"line":1,"column":36}},"1":{"start":{"line":2,"column":12},"end":{"line":2,"column":28}},"2":{"start":{"line":4,"column":19},"end":{"line":84,"column":2}},"3":{"start":{"line":88,"column":0},"end":{"line":93,"column":3}},"4":{"start":{"line":90,"column":4},"end":{"line":90,"column":55}},"5":{"start":{"line":92,"column":4},"end":{"line":92,"column":11}},"6":{"start":{"line":97,"column":0},"end":{"line":104,"column":3}},"7":{"start":{"line":99,"column":8},"end":{"line":99,"column":54}},"8":{"start":{"line":100,"column":8},"end":{"line":100,"column":36}},"9":{"start":{"line":101,"column":8},"end":{"line":101,"column":41}},"10":{"start":{"line":102,"column":8},"end":{"line":102,"column":36}},"11":{"start":{"line":106,"column":0},"end":{"line":106,"column":52}}},"fnMap":{"0":{"name":"(anonymous_0)","decl":{"start":{"line":88,"column":23},"end":{"line":88,"column":24}},"loc":{"start":{"line":88,"column":45},"end":{"line":93,"column":1}},"line":88},"1":{"name":"(anonymous_1)","decl":{"start":{"line":98,"column":15},"end":{"line":98,"column":16}},"loc":{"start":{"line":98,"column":47},"end":{"line":103,"column":5}},"line":98}},"branchMap":{},"s":{"0":5,"1":5,"2":5,"3":5,"4":28,"5":28,"6":5,"7":12,"8":12,"9":12,"10":12,"11":5},"f":{"0":28,"1":12},"b":{},"_coverageSchema":"1a1c01bbd47fc00a2c39e90264f33305004495a9","hash":"1514e1f7bc7065c0cac2b673dc26935929d2891d"}
,"C:\\Users\\Dell\\Documents\\C30A-webapi\\task1-web-api-sAyusha\\task1_web_api\\routes\\art_routes.js": {"path":"C:\\Users\\Dell\\Documents\\C30A-webapi\\task1-web-api-sAyusha\\task1_web_api\\routes\\art_routes.js","statementMap":{"0":{"start":{"line":1,"column":16},"end":{"line":1,"column":34}},"1":{"start":{"line":2,"column":15},"end":{"line":2,"column":31}},"2":{"start":{"line":3,"column":22},"end":{"line":3,"column":62}},"3":{"start":{"line":5,"column":15},"end":{"line":5,"column":48}},"4":{"start":{"line":7,"column":0},"end":{"line":7,"column":73}},"5":{"start":{"line":9,"column":0},"end":{"line":14,"column":43}},"6":{"start":{"line":13,"column":21},"end":{"line":13,"column":74}},"7":{"start":{"line":22,"column":0},"end":{"line":22,"column":66}},"8":{"start":{"line":25,"column":0},"end":{"line":25,"column":65}},"9":{"start":{"line":28,"column":0},"end":{"line":28,"column":48}},"10":{"start":{"line":31,"column":0},"end":{"line":31,"column":56}},"11":{"start":{"line":33,"column":0},"end":{"line":33,"column":65}},"12":{"start":{"line":35,"column":0},"end":{"line":35,"column":56}},"13":{"start":{"line":38,"column":0},"end":{"line":38,"column":58}},"14":{"start":{"line":40,"column":0},"end":{"line":40,"column":68}},"15":{"start":{"line":42,"column":0},"end":{"line":42,"column":58}},"16":{"start":{"line":45,"column":0},"end":{"line":48,"column":41}},"17":{"start":{"line":52,"column":0},"end":{"line":52,"column":48}},"18":{"start":{"line":54,"column":0},"end":{"line":54,"column":24}}},"fnMap":{"0":{"name":"(anonymous_0)","decl":{"start":{"line":13,"column":7},"end":{"line":13,"column":8}},"loc":{"start":{"line":13,"column":21},"end":{"line":13,"column":74}},"line":13}},"branchMap":{},"s":{"0":5,"1":5,"2":5,"3":5,"4":5,"5":5,"6":0,"7":5,"8":5,"9":5,"10":5,"11":5,"12":5,"13":5,"14":5,"15":5,"16":5,"17":5,"18":5},"f":{"0":0},"b":{},"_coverageSchema":"1a1c01bbd47fc00a2c39e90264f33305004495a9","hash":"160f34f32d852d25cc11747f93a23d6f1dff99cf"}
,"C:\\Users\\Dell\\Documents\\C30A-webapi\\task1-web-api-sAyusha\\task1_web_api\\routes\\bid_routes.js": {"path":"C:\\Users\\Dell\\Documents\\C30A-webapi\\task1-web-api-sAyusha\\task1_web_api\\routes\\bid_routes.js","statementMap":{"0":{"start":{"line":1,"column":16},"end":{"line":1,"column":34}},"1":{"start":{"line":2,"column":15},"end":{"line":2,"column":31}},"2":{"start":{"line":3,"column":13},"end":{"line":3,"column":38}},"3":{"start":{"line":4,"column":22},"end":{"line":4,"column":62}},"4":{"start":{"line":7,"column":0},"end":{"line":7,"column":42}},"5":{"start":{"line":10,"column":0},"end":{"line":10,"column":45}},"6":{"start":{"line":13,"column":0},"end":{"line":13,"column":52}},"7":{"start":{"line":15,"column":0},"end":{"line":15,"column":24}}},"fnMap":{},"branchMap":{},"s":{"0":5,"1":5,"2":5,"3":5,"4":5,"5":5,"6":5,"7":5},"f":{},"b":{},"_coverageSchema":"1a1c01bbd47fc00a2c39e90264f33305004495a9","hash":"411f43b3a574a82f66ca463453f4c8927f8b373b"}
,"C:\\Users\\Dell\\Documents\\C30A-webapi\\task1-web-api-sAyusha\\task1_web_api\\routes\\order_routes.js": {"path":"C:\\Users\\Dell\\Documents\\C30A-webapi\\task1-web-api-sAyusha\\task1_web_api\\routes\\order_routes.js","statementMap":{"0":{"start":{"line":1,"column":16},"end":{"line":1,"column":34}},"1":{"start":{"line":2,"column":15},"end":{"line":2,"column":31}},"2":{"start":{"line":3,"column":24},"end":{"line":3,"column":66}},"3":{"start":{"line":5,"column":0},"end":{"line":5,"column":45}},"4":{"start":{"line":6,"column":0},"end":{"line":7,"column":38}},"5":{"start":{"line":10,"column":0},"end":{"line":10,"column":45}},"6":{"start":{"line":13,"column":0},"end":{"line":17,"column":41}},"7":{"start":{"line":15,"column":24},"end":{"line":15,"column":79}},"8":{"start":{"line":16,"column":23},"end":{"line":16,"column":78}},"9":{"start":{"line":19,"column":0},"end":{"line":19,"column":64}},"10":{"start":{"line":20,"column":0},"end":{"line":20,"column":73}},"11":{"start":{"line":22,"column":0},"end":{"line":22,"column":24}}},"fnMap":{"0":{"name":"(anonymous_0)","decl":{"start":{"line":15,"column":10},"end":{"line":15,"column":11}},"loc":{"start":{"line":15,"column":24},"end":{"line":15,"column":79}},"line":15},"1":{"name":"(anonymous_1)","decl":{"start":{"line":16,"column":9},"end":{"line":16,"column":10}},"loc":{"start":{"line":16,"column":23},"end":{"line":16,"column":78}},"line":16}},"branchMap":{},"s":{"0":5,"1":5,"2":5,"3":5,"4":5,"5":5,"6":5,"7":0,"8":0,"9":5,"10":5,"11":5},"f":{"0":0,"1":0},"b":{},"_coverageSchema":"1a1c01bbd47fc00a2c39e90264f33305004495a9","hash":"9593070aa4c6e6609103a326001346d8a8a36e14"}
,"C:\\Users\\Dell\\Documents\\C30A-webapi\\task1-web-api-sAyusha\\task1_web_api\\routes\\user_routes.js": {"path":"C:\\Users\\Dell\\Documents\\C30A-webapi\\task1-web-api-sAyusha\\task1_web_api\\routes\\user_routes.js","statementMap":{"0":{"start":{"line":1,"column":16},"end":{"line":1,"column":34}},"1":{"start":{"line":2,"column":15},"end":{"line":2,"column":31}},"2":{"start":{"line":4,"column":23},"end":{"line":4,"column":64}},"3":{"start":{"line":5,"column":23},"end":{"line":5,"column":53}},"4":{"start":{"line":6,"column":15},"end":{"line":6,"column":48}},"5":{"start":{"line":8,"column":0},"end":{"line":8,"column":93}},"6":{"start":{"line":10,"column":0},"end":{"line":10,"column":48}},"7":{"start":{"line":12,"column":0},"end":{"line":12,"column":54}},"8":{"start":{"line":19,"column":0},"end":{"line":19,"column":55}},"9":{"start":{"line":22,"column":0},"end":{"line":22,"column":59}},"10":{"start":{"line":25,"column":0},"end":{"line":25,"column":73}},"11":{"start":{"line":28,"column":0},"end":{"line":28,"column":77}},"12":{"start":{"line":31,"column":0},"end":{"line":31,"column":68}},"13":{"start":{"line":34,"column":0},"end":{"line":34,"column":73}},"14":{"start":{"line":37,"column":0},"end":{"line":37,"column":73}},"15":{"start":{"line":40,"column":0},"end":{"line":40,"column":49}},"16":{"start":{"line":43,"column":0},"end":{"line":43,"column":63}},"17":{"start":{"line":45,"column":0},"end":{"line":45,"column":24}}},"fnMap":{},"branchMap":{},"s":{"0":5,"1":5,"2":5,"3":5,"4":5,"5":5,"6":5,"7":5,"8":5,"9":5,"10":5,"11":5,"12":5,"13":5,"14":5,"15":5,"16":5,"17":5},"f":{},"b":{},"_coverageSchema":"1a1c01bbd47fc00a2c39e90264f33305004495a9","hash":"6be92a07b0dd7f4b2ea1b32be6aacaba8a2334a8"}
}
