TN:
SF:app.js
FN:28,(anonymous_0)
FN:31,(anonymous_1)
FN:48,(anonymous_2)
FN:59,(anonymous_3)
FN:67,(anonymous_4)
FNF:5
FNH:3
FNDA:5,(anonymous_0)
FNDA:0,(anonymous_1)
FNDA:1,(anonymous_2)
FNDA:3,(anonymous_3)
FNDA:0,(anonymous_4)
DA:1,5
DA:2,5
DA:3,5
DA:4,5
DA:5,5
DA:6,5
DA:7,5
DA:8,5
DA:9,5
DA:10,5
DA:14,5
DA:15,5
DA:16,5
DA:17,5
DA:18,5
DA:19,5
DA:22,5
DA:26,5
DA:29,5
DA:31,0
DA:33,5
DA:35,5
DA:37,5
DA:39,5
DA:42,5
DA:43,0
DA:46,5
DA:48,5
DA:49,1
DA:52,5
DA:53,5
DA:54,5
DA:55,5
DA:59,5
DA:60,3
DA:61,3
DA:62,3
DA:63,3
DA:67,5
DA:68,0
DA:71,5
LF:41
LH:38
BRDA:22,0,0,5
BRDA:22,0,1,0
BRDA:42,1,0,0
BRDA:42,1,1,5
BRDA:61,2,0,0
BRDA:61,2,1,3
BRDA:62,3,0,0
BRDA:62,3,1,3
BRF:8
BRH:4
end_of_record
TN:
SF:controllers\art_controller.js
FN:6,(anonymous_0)
FN:18,(anonymous_1)
FN:27,(anonymous_2)
FN:54,(anonymous_3)
FN:66,(anonymous_4)
FN:83,(anonymous_5)
FN:136,(anonymous_6)
FN:146,(anonymous_7)
FN:156,(anonymous_8)
FN:165,(anonymous_9)
FN:171,(anonymous_10)
FN:195,(anonymous_11)
FN:210,(anonymous_12)
FN:221,(anonymous_13)
FN:244,(anonymous_14)
FN:280,(anonymous_15)
FN:295,(anonymous_16)
FN:306,(anonymous_17)
FN:330,(anonymous_18)
FN:332,(anonymous_19)
FN:342,(anonymous_20)
FN:384,(anonymous_21)
FN:387,(anonymous_22)
FN:397,(anonymous_23)
FN:411,(anonymous_24)
FN:421,(anonymous_25)
FN:439,(anonymous_26)
FNF:27
FNH:21
FNDA:1,(anonymous_0)
FNDA:1,(anonymous_1)
FNDA:1,(anonymous_2)
FNDA:0,(anonymous_3)
FNDA:1,(anonymous_4)
FNDA:0,(anonymous_5)
FNDA:1,(anonymous_6)
FNDA:2,(anonymous_7)
FNDA:2,(anonymous_8)
FNDA:0,(anonymous_9)
FNDA:1,(anonymous_10)
FNDA:2,(anonymous_11)
FNDA:1,(anonymous_12)
FNDA:1,(anonymous_13)
FNDA:3,(anonymous_14)
FNDA:2,(anonymous_15)
FNDA:2,(anonymous_16)
FNDA:1,(anonymous_17)
FNDA:2,(anonymous_18)
FNDA:2,(anonymous_19)
FNDA:3,(anonymous_20)
FNDA:2,(anonymous_21)
FNDA:2,(anonymous_22)
FNDA:1,(anonymous_23)
FNDA:0,(anonymous_24)
FNDA:0,(anonymous_25)
FNDA:0,(anonymous_26)
DA:1,5
DA:2,5
DA:3,5
DA:4,5
DA:6,5
DA:7,1
DA:8,1
DA:9,1
DA:13,0
DA:18,5
DA:19,1
DA:20,1
DA:21,1
DA:22,1
DA:25,1
DA:27,1
DA:28,1
DA:32,1
DA:37,1
DA:38,1
DA:41,1
DA:42,1
DA:53,0
DA:55,0
DA:57,0
DA:61,1
DA:66,5
DA:67,1
DA:68,1
DA:70,1
DA:74,1
DA:78,0
DA:83,5
DA:84,0
DA:85,0
DA:87,0
DA:90,0
DA:92,0
DA:93,0
DA:97,0
DA:108,0
DA:109,0
DA:111,0
DA:112,0
DA:115,0
DA:117,0
DA:118,0
DA:121,0
DA:126,0
DA:128,0
DA:130,0
DA:136,5
DA:137,1
DA:138,1
DA:139,1
DA:141,0
DA:146,5
DA:147,2
DA:149,2
DA:157,2
DA:159,2
DA:162,0
DA:166,0
DA:171,5
DA:172,1
DA:173,1
DA:174,1
DA:176,1
DA:177,1
DA:178,0
DA:181,1
DA:182,0
DA:185,1
DA:186,1
DA:188,1
DA:190,0
DA:195,5
DA:196,2
DA:197,2
DA:198,2
DA:200,2
DA:201,2
DA:202,0
DA:205,2
DA:206,1
DA:209,1
DA:210,1
DA:212,1
DA:214,1
DA:216,0
DA:221,5
DA:222,1
DA:223,1
DA:226,1
DA:228,1
DA:229,0
DA:232,1
DA:236,1
DA:238,0
DA:239,0
DA:244,5
DA:245,3
DA:246,3
DA:247,3
DA:249,3
DA:250,3
DA:251,0
DA:255,3
DA:256,3
DA:257,0
DA:262,3
DA:263,1
DA:266,2
DA:267,0
DA:270,2
DA:271,2
DA:273,2
DA:275,0
DA:280,5
DA:281,2
DA:282,2
DA:283,2
DA:285,2
DA:286,2
DA:287,0
DA:290,2
DA:291,1
DA:294,1
DA:295,2
DA:297,1
DA:299,1
DA:301,0
DA:306,5
DA:307,1
DA:308,1
DA:309,1
DA:312,1
DA:314,1
DA:315,0
DA:318,1
DA:322,1
DA:324,0
DA:325,0
DA:330,5
DA:331,2
DA:333,2
DA:334,1
DA:336,2
DA:342,5
DA:343,3
DA:344,3
DA:345,3
DA:347,3
DA:348,3
DA:349,1
DA:353,2
DA:354,2
DA:355,1
DA:358,1
DA:359,1
DA:361,1
DA:363,1
DA:376,1
DA:378,1
DA:384,5
DA:385,2
DA:386,2
DA:388,2
DA:389,1
DA:397,1
DA:398,1
DA:399,1
DA:401,1
DA:406,1
DA:412,0
DA:421,5
DA:422,0
DA:423,0
DA:424,0
DA:428,0
DA:430,0
DA:432,0
DA:434,0
DA:439,5
DA:440,0
DA:442,0
DA:461,0
DA:463,0
DA:467,5
LF:189
LH:134
BRDA:55,0,0,0
BRDA:55,0,1,0
BRDA:90,1,0,0
BRDA:90,1,1,0
BRDA:92,2,0,0
BRDA:92,2,1,0
BRDA:92,3,0,0
BRDA:92,3,1,0
BRDA:92,3,2,0
BRDA:92,3,3,0
BRDA:92,3,4,0
BRDA:92,3,5,0
BRDA:108,4,0,0
BRDA:108,4,1,0
BRDA:109,5,0,0
BRDA:109,5,1,0
BRDA:111,6,0,0
BRDA:111,6,1,0
BRDA:112,7,0,0
BRDA:112,7,1,0
BRDA:157,8,0,2
BRDA:157,8,1,0
BRDA:177,9,0,0
BRDA:177,9,1,1
BRDA:181,10,0,0
BRDA:181,10,1,1
BRDA:201,11,0,0
BRDA:201,11,1,2
BRDA:205,12,0,1
BRDA:205,12,1,1
BRDA:228,13,0,0
BRDA:228,13,1,1
BRDA:250,14,0,0
BRDA:250,14,1,3
BRDA:256,15,0,0
BRDA:256,15,1,3
BRDA:262,16,0,1
BRDA:262,16,1,2
BRDA:266,17,0,0
BRDA:266,17,1,2
BRDA:286,18,0,0
BRDA:286,18,1,2
BRDA:290,19,0,1
BRDA:290,19,1,1
BRDA:314,20,0,0
BRDA:314,20,1,1
BRDA:333,21,0,1
BRDA:333,21,1,1
BRDA:348,22,0,1
BRDA:348,22,1,2
BRDA:354,23,0,1
BRDA:354,23,1,1
BRDA:388,24,0,1
BRDA:388,24,1,1
BRDA:398,25,0,1
BRDA:398,25,1,0
BRDA:423,26,0,0
BRDA:423,26,1,0
BRF:58
BRH:25
end_of_record
TN:
SF:controllers\bid_controller.js
FN:5,(anonymous_0)
FN:19,(anonymous_1)
FN:117,(anonymous_2)
FNF:3
FNH:3
FNDA:2,(anonymous_0)
FNDA:9,(anonymous_1)
FNDA:4,(anonymous_2)
DA:1,5
DA:2,5
DA:3,5
DA:5,5
DA:6,2
DA:8,2
DA:11,1
DA:13,1
DA:14,1
DA:19,5
DA:20,9
DA:21,9
DA:22,9
DA:24,8
DA:25,0
DA:28,8
DA:30,8
DA:31,8
DA:33,8
DA:34,1
DA:38,7
DA:39,7
DA:42,7
DA:44,7
DA:45,3
DA:50,4
DA:51,0
DA:57,4
DA:58,1
DA:59,1
DA:60,1
DA:66,3
DA:67,3
DA:70,3
DA:71,0
DA:75,3
DA:76,3
DA:80,3
DA:81,0
DA:82,0
DA:83,0
DA:84,0
DA:88,3
DA:91,0
DA:92,0
DA:97,3
DA:103,3
DA:105,3
DA:106,3
DA:108,3
DA:112,1
DA:113,1
DA:117,5
DA:118,4
DA:119,4
DA:122,4
DA:132,4
DA:133,2
DA:137,2
DA:143,0
DA:144,0
DA:150,5
LF:62
LH:51
BRDA:24,0,0,0
BRDA:24,0,1,8
BRDA:33,1,0,1
BRDA:33,1,1,7
BRDA:38,2,0,7
BRDA:38,2,1,6
BRDA:44,3,0,3
BRDA:44,3,1,4
BRDA:50,4,0,0
BRDA:50,4,1,4
BRDA:57,5,0,1
BRDA:57,5,1,3
BRDA:66,6,0,3
BRDA:66,6,1,0
BRDA:70,7,0,0
BRDA:70,7,1,3
BRDA:75,8,0,3
BRDA:75,8,1,0
BRDA:80,9,0,0
BRDA:80,9,1,3
BRDA:82,10,0,0
BRDA:82,10,1,0
BRDA:91,11,0,0
BRDA:91,11,1,0
BRDA:132,12,0,2
BRDA:132,12,1,2
BRF:26
BRH:16
end_of_record
TN:
SF:controllers\order_controller.js
FN:5,(anonymous_0)
FN:17,(anonymous_1)
FN:20,(anonymous_2)
FN:43,(anonymous_3)
FN:48,(anonymous_4)
FN:50,(anonymous_5)
FN:89,(anonymous_6)
FN:100,(anonymous_7)
FN:111,(anonymous_8)
FN:139,(anonymous_9)
FN:159,(anonymous_10)
FNF:11
FNH:11
FNDA:1,(anonymous_0)
FNDA:1,(anonymous_1)
FNDA:1,(anonymous_2)
FNDA:1,(anonymous_3)
FNDA:2,(anonymous_4)
FNDA:2,(anonymous_5)
FNDA:1,(anonymous_6)
FNDA:1,(anonymous_7)
FNDA:1,(anonymous_8)
FNDA:1,(anonymous_9)
FNDA:1,(anonymous_10)
DA:1,5
DA:2,5
DA:3,5
DA:5,5
DA:6,1
DA:7,1
DA:8,1
DA:12,0
DA:17,5
DA:18,1
DA:19,1
DA:20,1
DA:33,1
DA:34,1
DA:39,0
DA:43,5
DA:44,1
DA:45,1
DA:47,1
DA:49,2
DA:50,2
DA:51,2
DA:52,2
DA:60,2
DA:62,2
DA:81,1
DA:83,0
DA:84,0
DA:89,5
DA:90,1
DA:91,1
DA:92,1
DA:93,1
DA:96,0
DA:100,5
DA:101,1
DA:102,1
DA:103,1
DA:104,1
DA:107,0
DA:111,5
DA:112,1
DA:114,1
DA:115,1
DA:117,1
DA:118,0
DA:121,1
DA:122,0
DA:126,1
DA:127,1
DA:128,1
DA:135,1
DA:138,1
DA:139,1
DA:140,1
DA:142,1
DA:143,0
DA:147,1
DA:148,1
DA:149,1
DA:151,1
DA:153,0
DA:154,0
DA:159,5
DA:160,1
DA:161,1
DA:162,1
DA:163,1
DA:164,1
DA:165,1
DA:168,0
DA:172,5
LF:72
LH:60
BRDA:76,0,0,2
BRDA:76,0,1,0
BRDA:92,1,0,1
BRDA:92,1,1,0
BRDA:102,2,0,1
BRDA:102,2,1,0
BRDA:117,3,0,0
BRDA:117,3,1,1
BRDA:121,4,0,0
BRDA:121,4,1,1
BRDA:142,5,0,0
BRDA:142,5,1,1
BRDA:161,6,0,1
BRDA:161,6,1,0
BRF:14
BRH:7
end_of_record
TN:
SF:controllers\user_controller.js
FN:9,(anonymous_0)
FN:12,(anonymous_1)
FN:25,(anonymous_2)
FN:30,(anonymous_3)
FN:33,(anonymous_4)
FN:45,(anonymous_5)
FN:48,(anonymous_6)
FN:57,(anonymous_7)
FN:72,(anonymous_8)
FN:85,(anonymous_9)
FN:93,(anonymous_10)
FN:102,(anonymous_11)
FN:118,(anonymous_12)
FN:121,(anonymous_13)
FN:127,(anonymous_14)
FN:141,(anonymous_15)
FN:150,(anonymous_16)
FN:168,(anonymous_17)
FN:227,(anonymous_18)
FN:242,(anonymous_19)
FN:247,(anonymous_20)
FN:261,(anonymous_21)
FN:308,(anonymous_22)
FN:317,(anonymous_23)
FNF:24
FNH:21
FNDA:6,(anonymous_0)
FNDA:6,(anonymous_1)
FNDA:4,(anonymous_2)
FNDA:4,(anonymous_3)
FNDA:4,(anonymous_4)
FNDA:17,(anonymous_5)
FNDA:17,(anonymous_6)
FNDA:15,(anonymous_7)
FNDA:14,(anonymous_8)
FNDA:1,(anonymous_9)
FNDA:1,(anonymous_10)
FNDA:2,(anonymous_11)
FNDA:2,(anonymous_12)
FNDA:2,(anonymous_13)
FNDA:1,(anonymous_14)
FNDA:0,(anonymous_15)
FNDA:1,(anonymous_16)
FNDA:5,(anonymous_17)
FNDA:1,(anonymous_18)
FNDA:1,(anonymous_19)
FNDA:0,(anonymous_20)
FNDA:4,(anonymous_21)
FNDA:0,(anonymous_22)
FNDA:2,(anonymous_23)
DA:1,5
DA:2,5
DA:3,5
DA:5,5
DA:6,5
DA:9,5
DA:10,6
DA:11,6
DA:13,6
DA:14,1
DA:17,5
DA:18,1
DA:21,4
DA:22,0
DA:25,4
DA:26,4
DA:27,0
DA:29,4
DA:33,4
DA:34,4
DA:45,5
DA:46,17
DA:47,17
DA:49,17
DA:50,1
DA:54,16
DA:55,1
DA:57,15
DA:58,15
DA:59,0
DA:61,15
DA:62,1
DA:64,14
DA:68,14
DA:73,14
DA:74,0
DA:76,14
DA:85,5
DA:86,1
DA:87,1
DA:93,5
DA:94,1
DA:96,1
DA:102,5
DA:103,2
DA:105,2
DA:106,2
DA:107,2
DA:108,1
DA:111,1
DA:113,0
DA:118,5
DA:119,2
DA:120,2
DA:122,2
DA:123,1
DA:127,1
DA:128,1
DA:129,1
DA:131,1
DA:136,1
DA:142,0
DA:150,5
DA:151,1
DA:152,1
DA:153,1
DA:154,1
DA:155,0
DA:158,1
DA:161,1
DA:163,0
DA:168,5
DA:169,5
DA:170,5
DA:171,5
DA:173,5
DA:174,5
DA:175,5
DA:177,5
DA:178,0
DA:181,5
DA:182,1
DA:184,5
DA:185,1
DA:188,1
DA:189,1
DA:191,0
DA:193,4
DA:194,1
DA:195,1
DA:196,1
DA:198,0
DA:200,3
DA:201,2
DA:204,2
DA:205,1
DA:207,1
DA:209,2
DA:210,1
DA:214,2
DA:216,2
DA:220,0
DA:221,0
DA:227,5
DA:228,1
DA:229,1
DA:230,0
DA:233,1
DA:234,0
DA:238,1
DA:239,1
DA:241,1
DA:243,1
DA:248,0
DA:249,0
DA:255,0
DA:261,5
DA:262,4
DA:263,4
DA:265,4
DA:267,4
DA:268,4
DA:269,0
DA:273,4
DA:274,4
DA:275,1
DA:279,3
DA:280,1
DA:286,2
DA:287,1
DA:293,1
DA:296,1
DA:299,1
DA:301,1
DA:303,0
DA:308,5
DA:309,0
DA:310,0
DA:311,0
DA:313,0
DA:317,5
DA:318,2
DA:320,2
DA:321,2
DA:323,2
DA:324,1
DA:328,1
DA:330,1
DA:332,0
DA:333,0
DA:337,5
LF:151
LH:125
BRDA:13,0,0,1
BRDA:13,0,1,5
BRDA:17,1,0,1
BRDA:17,1,1,4
BRDA:17,2,0,5
BRDA:17,2,1,5
BRDA:17,2,2,5
BRDA:17,2,3,5
BRDA:21,3,0,0
BRDA:21,3,1,4
BRDA:21,4,0,4
BRDA:21,4,1,4
BRDA:26,5,0,0
BRDA:26,5,1,4
BRDA:49,6,0,1
BRDA:49,6,1,16
BRDA:49,7,0,17
BRDA:49,7,1,17
BRDA:54,8,0,1
BRDA:54,8,1,15
BRDA:58,9,0,0
BRDA:58,9,1,15
BRDA:61,10,0,1
BRDA:61,10,1,14
BRDA:73,11,0,0
BRDA:73,11,1,14
BRDA:107,12,0,1
BRDA:107,12,1,1
BRDA:122,13,0,1
BRDA:122,13,1,1
BRDA:128,14,0,1
BRDA:128,14,1,0
BRDA:154,15,0,0
BRDA:154,15,1,1
BRDA:177,16,0,0
BRDA:177,16,1,5
BRDA:181,17,0,1
BRDA:181,17,1,4
BRDA:181,18,0,5
BRDA:181,18,1,1
BRDA:181,18,2,1
BRDA:184,19,0,1
BRDA:184,19,1,4
BRDA:184,20,0,5
BRDA:184,20,1,1
BRDA:184,20,2,1
BRDA:188,21,0,1
BRDA:188,21,1,0
BRDA:193,22,0,1
BRDA:193,22,1,3
BRDA:193,23,0,4
BRDA:193,23,1,1
BRDA:193,23,2,1
BRDA:195,24,0,1
BRDA:195,24,1,0
BRDA:200,25,0,2
BRDA:200,25,1,1
BRDA:200,26,0,3
BRDA:200,26,1,2
BRDA:204,27,0,1
BRDA:204,27,1,1
BRDA:209,28,0,1
BRDA:209,28,1,1
BRDA:209,29,0,2
BRDA:209,29,1,1
BRDA:229,30,0,0
BRDA:229,30,1,1
BRDA:233,31,0,0
BRDA:233,31,1,1
BRDA:268,32,0,0
BRDA:268,32,1,4
BRDA:274,33,0,1
BRDA:274,33,1,3
BRDA:279,34,0,1
BRDA:279,34,1,2
BRDA:286,35,0,1
BRDA:286,35,1,1
BRDA:323,36,0,1
BRDA:323,36,1,1
BRF:79
BRH:67
end_of_record
TN:
SF:middlewares\auth.js
FN:3,(anonymous_0)
FNF:1
FNH:1
FNDA:64,(anonymous_0)
DA:1,5
DA:3,5
DA:4,64
DA:5,64
DA:6,61
DA:8,61
DA:9,61
DA:10,61
DA:11,61
DA:13,0
DA:17,5
LF:11
LH:10
BRDA:5,0,0,3
BRDA:5,0,1,61
BRF:2
BRH:2
end_of_record
TN:
SF:middlewares\uploads.js
FN:7,(anonymous_0)
FN:10,(anonymous_1)
FN:16,(anonymous_2)
FNF:3
FNH:3
FNDA:1,(anonymous_0)
FNDA:1,(anonymous_1)
FNDA:1,(anonymous_2)
DA:1,5
DA:2,5
DA:3,5
DA:4,5
DA:6,5
DA:8,1
DA:11,1
DA:12,1
DA:16,5
DA:17,1
DA:18,0
DA:20,1
DA:24,5
DA:30,5
LF:14
LH:13
BRDA:17,0,0,0
BRDA:17,0,1,1
BRF:2
BRH:1
end_of_record
TN:
SF:models\art.js
FN:83,(anonymous_0)
FN:89,(anonymous_1)
FN:96,(anonymous_2)
FN:115,(anonymous_3)
FNF:4
FNH:4
FNDA:9,(anonymous_0)
FNDA:9,(anonymous_1)
FNDA:8,(anonymous_2)
FNDA:2,(anonymous_3)
DA:1,5
DA:2,5
DA:3,5
DA:4,5
DA:7,5
DA:83,5
DA:85,9
DA:89,5
DA:91,9
DA:94,5
DA:97,8
DA:98,8
DA:99,8
DA:100,8
DA:103,8
DA:106,8
DA:107,0
DA:109,8
DA:115,5
DA:116,2
DA:117,1
DA:118,1
DA:120,1
DA:124,5
LF:24
LH:23
BRDA:106,0,0,0
BRDA:106,0,1,8
BRDA:106,1,0,8
BRDA:106,1,1,0
BRDA:116,2,0,1
BRDA:116,2,1,1
BRDA:116,3,0,2
BRDA:116,3,1,2
BRF:8
BRH:6
end_of_record
TN:
SF:models\bid.js
FNF:0
FNH:0
DA:1,5
DA:2,5
DA:4,5
DA:23,5
LF:4
LH:4
BRF:0
BRH:0
end_of_record
TN:
SF:models\order.js
FN:99,(anonymous_0)
FNF:1
FNH:1
FNDA:4,(anonymous_0)
DA:1,5
DA:2,5
DA:5,5
DA:98,5
DA:100,4
DA:101,4
DA:102,4
DA:103,4
DA:108,5
LF:9
LH:9
BRF:0
BRH:0
end_of_record
TN:
SF:models\user.js
FN:88,(anonymous_0)
FN:98,(anonymous_1)
FNF:2
FNH:2
FNDA:28,(anonymous_0)
FNDA:12,(anonymous_1)
DA:1,5
DA:2,5
DA:4,5
DA:88,5
DA:90,28
DA:92,28
DA:97,5
DA:99,12
DA:100,12
DA:101,12
DA:102,12
DA:106,5
LF:12
LH:12
BRF:0
BRH:0
end_of_record
TN:
SF:routes\art_routes.js
FN:13,(anonymous_0)
FNF:1
FNH:0
FNDA:0,(anonymous_0)
DA:1,5
DA:2,5
DA:3,5
DA:5,5
DA:7,5
DA:9,5
DA:13,0
DA:22,5
DA:25,5
DA:28,5
DA:31,5
DA:33,5
DA:35,5
DA:38,5
DA:40,5
DA:42,5
DA:45,5
DA:52,5
DA:54,5
LF:19
LH:18
BRF:0
BRH:0
end_of_record
TN:
SF:routes\bid_routes.js
FNF:0
FNH:0
DA:1,5
DA:2,5
DA:3,5
DA:4,5
DA:7,5
DA:10,5
DA:13,5
DA:15,5
LF:8
LH:8
BRF:0
BRH:0
end_of_record
TN:
SF:routes\order_routes.js
FN:15,(anonymous_0)
FN:16,(anonymous_1)
FNF:2
FNH:0
FNDA:0,(anonymous_0)
FNDA:0,(anonymous_1)
DA:1,5
DA:2,5
DA:3,5
DA:5,5
DA:6,5
DA:10,5
DA:13,5
DA:15,0
DA:16,0
DA:19,5
DA:20,5
DA:22,5
LF:12
LH:10
BRF:0
BRH:0
end_of_record
TN:
SF:routes\user_routes.js
FNF:0
FNH:0
DA:1,5
DA:2,5
DA:4,5
DA:5,5
DA:6,5
DA:8,5
DA:10,5
DA:12,5
DA:19,5
DA:22,5
DA:25,5
DA:28,5
DA:31,5
DA:34,5
DA:37,5
DA:40,5
DA:43,5
DA:45,5
LF:18
LH:18
BRF:0
BRH:0
end_of_record
